[2025-06-17 10:13:04 : INFO] - Full Cache Purge triggered by: plugin activation/deactivation 
[2025-06-17 10:53:50 : INFO] - Full Cache Purge triggered by: plugin activation/deactivation 
[2025-06-17 12:20:40 : INFO] - Cache for URL: https://propertypoint.co.ke/agent/vincent-fuller/ has been purged, triggered by action: save_post 
[2025-06-17 12:20:40 : INFO] - Cache for archive page associated with post_type: houzez_agent and Title: "Barista Gardens" has been purged, triggered by action: save_post 
[2025-06-17 12:20:41 : INFO] - Cache for URL: https://propertypoint.co.ke/agent/vincent-fuller/ has been purged, triggered by action: save_post 
[2025-06-17 12:20:41 : INFO] - Cache for archive page associated with post_type: houzez_agent and Title: "Barista Gardens" has been purged, triggered by action: save_post 
[2025-06-17 12:22:05 : INFO] - Cache for URL: https://propertypoint.co.ke/agent/vincent-fuller/ has been purged, triggered by action: save_post 
[2025-06-17 12:22:05 : INFO] - Cache for archive page associated with post_type: houzez_agent and Title: "Barista Gardens" has been purged, triggered by action: save_post 
[2025-06-17 12:22:06 : INFO] - Cache for URL: https://propertypoint.co.ke/agent/vincent-fuller/ has been purged, triggered by action: save_post 
[2025-06-17 12:22:06 : INFO] - Cache for archive page associated with post_type: houzez_agent and Title: "Barista Gardens" has been purged, triggered by action: save_post 
[2025-06-17 12:24:27 : INFO] - Cache for URL: https://propertypoint.co.ke/agent/villakazi-homes/ has been purged, triggered by action: save_post 
[2025-06-17 12:24:27 : INFO] - Cache for archive page associated with post_type: houzez_agent and Title: "VillaKazi Homes" has been purged, triggered by action: save_post 
[2025-06-17 12:24:28 : INFO] - Cache for URL: https://propertypoint.co.ke/agent/villakazi-homes/ has been purged, triggered by action: save_post 
[2025-06-17 12:24:28 : INFO] - Cache for archive page associated with post_type: houzez_agent and Title: "VillaKazi Homes" has been purged, triggered by action: save_post 
[2025-06-17 12:27:33 : INFO] - Cache for URL: https://propertypoint.co.ke/?p=19005 has been purged, triggered by action: save_post 
[2025-06-17 12:27:33 : INFO] - Cache for blog post has been purged due to updates to post with Title: "Auto Draft" and URL: https://propertypoint.co.ke/?p=19005, triggered by action: save_post 
[2025-06-17 12:27:33 : INFO] - Cache for all archives page associated with post_type: post and Title: "Auto Draft" have been purged, triggered by action: save_post 
[2025-06-17 12:31:56 : INFO] - Cache for URL: https://propertypoint.co.ke/agency/country-house-real-estate/ has been purged, triggered by action: wp_trash_post 
[2025-06-17 12:31:56 : INFO] - Cache for URL: https://propertypoint.co.ke/?post_type=houzez_agency&p=2792 has been purged, triggered by action: save_post 
[2025-06-17 12:31:56 : INFO] - Cache for archive page associated with post_type: houzez_agency and Title: "Country House Real Estate" has been purged, triggered by action: save_post 
[2025-06-17 12:31:56 : INFO] - Cache for URL: https://propertypoint.co.ke/agency/modern-house-real-estate-2/ has been purged, triggered by action: wp_trash_post 
[2025-06-17 12:31:56 : INFO] - Cache for URL: https://propertypoint.co.ke/?post_type=houzez_agency&p=2790 has been purged, triggered by action: save_post 
[2025-06-17 12:31:56 : INFO] - Cache for archive page associated with post_type: houzez_agency and Title: "Modern House Real Estate" has been purged, triggered by action: save_post 
[2025-06-17 12:31:56 : INFO] - Cache for URL: https://propertypoint.co.ke/agency/luxury-house-real-estate/ has been purged, triggered by action: wp_trash_post 
[2025-06-17 12:31:56 : INFO] - Cache for URL: https://propertypoint.co.ke/?post_type=houzez_agency&p=2788 has been purged, triggered by action: save_post 
[2025-06-17 12:31:56 : INFO] - Cache for archive page associated with post_type: houzez_agency and Title: "Luxury House Real Estate" has been purged, triggered by action: save_post 
[2025-06-17 12:31:56 : INFO] - Cache for URL: https://propertypoint.co.ke/agency/eco-house-real-estate/ has been purged, triggered by action: wp_trash_post 
[2025-06-17 12:31:56 : INFO] - Cache for URL: https://propertypoint.co.ke/?post_type=houzez_agency&p=2786 has been purged, triggered by action: save_post 
[2025-06-17 12:31:56 : INFO] - Cache for archive page associated with post_type: houzez_agency and Title: "Eco House Real Estate" has been purged, triggered by action: save_post 
[2025-06-17 12:31:56 : INFO] - Cache for URL: https://propertypoint.co.ke/agency/modern-house-real-estate/ has been purged, triggered by action: wp_trash_post 
[2025-06-17 12:31:56 : INFO] - Cache for URL: https://propertypoint.co.ke/?post_type=houzez_agency&p=2784 has been purged, triggered by action: save_post 
[2025-06-17 12:31:56 : INFO] - Cache for archive page associated with post_type: houzez_agency and Title: "Modern House Real Estate" has been purged, triggered by action: save_post 
[2025-06-17 12:31:56 : INFO] - Cache for URL: https://propertypoint.co.ke/agency/all-american-real-estate/ has been purged, triggered by action: wp_trash_post 
[2025-06-17 12:31:57 : INFO] - Cache for URL: https://propertypoint.co.ke/?post_type=houzez_agency&p=2777 has been purged, triggered by action: save_post 
[2025-06-17 12:31:57 : INFO] - Cache for archive page associated with post_type: houzez_agency and Title: "All American Real Estate" has been purged, triggered by action: save_post 
[2025-06-17 12:33:48 : INFO] - Cache for URL: https://propertypoint.co.ke/agent/michelle-ramirez/ has been purged, triggered by action: save_post 
[2025-06-17 12:33:48 : INFO] - Cache for archive page associated with post_type: houzez_agent and Title: "Richland Pointe" has been purged, triggered by action: save_post 
[2025-06-17 12:33:49 : INFO] - Cache for URL: https://propertypoint.co.ke/agent/michelle-ramirez/ has been purged, triggered by action: save_post 
[2025-06-17 12:33:49 : INFO] - Cache for archive page associated with post_type: houzez_agent and Title: "Richland Pointe" has been purged, triggered by action: save_post 
[2025-06-17 12:36:06 : INFO] - Cache for URL: https://propertypoint.co.ke/?p=19007 has been purged, triggered by action: save_post 
[2025-06-17 12:36:06 : INFO] - Cache for blog post has been purged due to updates to post with Title: "Auto Draft" and URL: https://propertypoint.co.ke/?p=19007, triggered by action: save_post 
[2025-06-17 12:36:06 : INFO] - Cache for all archives page associated with post_type: post and Title: "Auto Draft" have been purged, triggered by action: save_post 
[2025-06-17 12:38:43 : INFO] - Cache for URL: https://propertypoint.co.ke/agent/richland-pointe/ has been purged, triggered by action: save_post 
[2025-06-17 12:38:43 : INFO] - Cache for archive page associated with post_type: houzez_agent and Title: "Richland Pointe" has been purged, triggered by action: save_post 
[2025-06-17 12:38:45 : INFO] - Cache for URL: https://propertypoint.co.ke/agent/richland-pointe/ has been purged, triggered by action: save_post 
[2025-06-17 12:38:45 : INFO] - Cache for archive page associated with post_type: houzez_agent and Title: "Richland Pointe" has been purged, triggered by action: save_post 
[2025-06-17 12:39:25 : INFO] - Cache for URL: https://propertypoint.co.ke/agent/barista-gardens/ has been purged, triggered by action: save_post 
[2025-06-17 12:39:25 : INFO] - Cache for archive page associated with post_type: houzez_agent and Title: "Barista Gardens" has been purged, triggered by action: save_post 
[2025-06-17 12:39:27 : INFO] - Cache for URL: https://propertypoint.co.ke/agent/barista-gardens/ has been purged, triggered by action: save_post 
[2025-06-17 12:39:27 : INFO] - Cache for archive page associated with post_type: houzez_agent and Title: "Barista Gardens" has been purged, triggered by action: save_post 
[2025-06-17 12:44:05 : INFO] - Cache for URL: https://propertypoint.co.ke/agent/hf-auction-advisor/ has been purged, triggered by action: save_post 
[2025-06-17 12:44:05 : INFO] - Cache for archive page associated with post_type: houzez_agent and Title: "HF Auction Advisor" has been purged, triggered by action: save_post 
[2025-06-17 12:44:06 : INFO] - Cache for URL: https://propertypoint.co.ke/agent/hf-auction-advisor/ has been purged, triggered by action: save_post 
[2025-06-17 12:44:06 : INFO] - Cache for archive page associated with post_type: houzez_agent and Title: "HF Auction Advisor" has been purged, triggered by action: save_post 
[2025-06-17 12:44:53 : INFO] - Cache for URL: https://propertypoint.co.ke/agent/hf-property-advisor/ has been purged, triggered by action: save_post 
[2025-06-17 12:44:53 : INFO] - Cache for archive page associated with post_type: houzez_agent and Title: "HF Property Advisor" has been purged, triggered by action: save_post 
[2025-06-17 12:44:54 : INFO] - Cache for URL: https://propertypoint.co.ke/agent/hf-property-advisor/ has been purged, triggered by action: save_post 
[2025-06-17 12:44:54 : INFO] - Cache for archive page associated with post_type: houzez_agent and Title: "HF Property Advisor" has been purged, triggered by action: save_post 
[2025-06-17 12:46:08 : INFO] - Cache for URL: https://propertypoint.co.ke/agent/villakazi-homes/ has been purged, triggered by action: save_post 
[2025-06-17 12:46:08 : INFO] - Cache for archive page associated with post_type: houzez_agent and Title: "VillaKazi Homes" has been purged, triggered by action: save_post 
[2025-06-17 12:46:09 : INFO] - Cache for URL: https://propertypoint.co.ke/agent/villakazi-homes/ has been purged, triggered by action: save_post 
[2025-06-17 12:46:09 : INFO] - Cache for archive page associated with post_type: houzez_agent and Title: "VillaKazi Homes" has been purged, triggered by action: save_post 
[2025-06-17 12:50:22 : INFO] - Cache for URL: https://propertypoint.co.ke/agent/villakazi-homes/ has been purged, triggered by action: save_post 
[2025-06-17 12:50:22 : INFO] - Cache for archive page associated with post_type: houzez_agent and Title: "VillaKazi Homes" has been purged, triggered by action: save_post 
[2025-06-17 12:50:24 : INFO] - Cache for URL: https://propertypoint.co.ke/agent/villakazi-homes/ has been purged, triggered by action: save_post 
[2025-06-17 12:50:24 : INFO] - Cache for archive page associated with post_type: houzez_agent and Title: "VillaKazi Homes" has been purged, triggered by action: save_post 
[2025-06-17 17:34:40 : INFO] - Cache for URL: https://propertypoint.co.ke/contact/ has been purged, triggered by action: save_post 
[2025-06-17 17:34:41 : INFO] - Cache for URL: https://propertypoint.co.ke/contact/ has been purged, triggered by action: save_post 
[2025-06-17 17:34:41 : INFO] - Cache for URL: https://propertypoint.co.ke/contact/ has been purged, triggered by action: save_post 
[2025-06-18 05:17:24 : INFO] - Cache for URL: https://propertypoint.co.ke/contact/ has been purged, triggered by action: save_post 
[2025-06-18 05:17:24 : INFO] - Cache for URL: https://propertypoint.co.ke/contact/ has been purged, triggered by action: save_post 
[2025-06-18 05:17:25 : INFO] - Cache for URL: https://propertypoint.co.ke/contact/ has been purged, triggered by action: save_post 
[2025-06-18 05:38:41 : INFO] - Cache for URL: https://propertypoint.co.ke/contact/ has been purged, triggered by action: save_post 
[2025-06-18 05:38:41 : INFO] - Cache for URL: https://propertypoint.co.ke/contact/ has been purged, triggered by action: save_post 
[2025-06-18 05:38:42 : INFO] - Cache for URL: https://propertypoint.co.ke/contact/ has been purged, triggered by action: save_post 
[2025-06-18 05:39:15 : INFO] - Cache for URL: https://propertypoint.co.ke/contact/ has been purged, triggered by action: save_post 
[2025-06-18 05:39:15 : INFO] - Cache for URL: https://propertypoint.co.ke/contact/ has been purged, triggered by action: save_post 
[2025-06-18 05:39:15 : INFO] - Cache for URL: https://propertypoint.co.ke/contact/ has been purged, triggered by action: save_post 
[2025-06-18 05:40:01 : INFO] - Cache for URL: https://propertypoint.co.ke/contact/ has been purged, triggered by action: save_post 
[2025-06-18 05:40:01 : INFO] - Cache for URL: https://propertypoint.co.ke/contact/ has been purged, triggered by action: save_post 
[2025-06-18 05:40:01 : INFO] - Cache for URL: https://propertypoint.co.ke/contact/ has been purged, triggered by action: save_post 
[2025-06-18 05:57:43 : INFO] - Cache for URL: https://propertypoint.co.ke/agent/villakazi-homes/ has been purged, triggered by action: save_post 
[2025-06-18 05:57:43 : INFO] - Cache for archive page associated with post_type: houzez_agent and Title: "VillaKazi Homes" has been purged, triggered by action: save_post 
[2025-06-18 05:57:44 : INFO] - Cache for URL: https://propertypoint.co.ke/agent/villakazi-homes/ has been purged, triggered by action: save_post 
[2025-06-18 05:57:44 : INFO] - Cache for archive page associated with post_type: houzez_agent and Title: "VillaKazi Homes" has been purged, triggered by action: save_post 
[2025-06-18 06:00:10 : INFO] - Cache for URL: https://propertypoint.co.ke/agent/barista-gardens/ has been purged, triggered by action: save_post 
[2025-06-18 06:00:10 : INFO] - Cache for archive page associated with post_type: houzez_agent and Title: "Barista Gardens" has been purged, triggered by action: save_post 
[2025-06-18 06:00:11 : INFO] - Cache for URL: https://propertypoint.co.ke/agent/barista-gardens/ has been purged, triggered by action: save_post 
[2025-06-18 06:00:11 : INFO] - Cache for archive page associated with post_type: houzez_agent and Title: "Barista Gardens" has been purged, triggered by action: save_post 
[2025-06-18 10:46:57 : INFO] - Cache for URL: https://propertypoint.co.ke/?elementor_library=listings-page-with-sidebar has been purged, triggered by action: save_post 
[2025-06-18 10:46:57 : INFO] - Cache for URL: https://propertypoint.co.ke/?elementor_library=listings-page-with-sidebar has been purged, triggered by action: save_post 
[2025-06-18 10:46:58 : INFO] - Cache for URL: https://propertypoint.co.ke/?elementor_library=listings-page-with-sidebar has been purged, triggered by action: save_post 
[2025-06-18 10:50:11 : INFO] - Cache for URL: https://propertypoint.co.ke/?elementor_library=listings-page-with-sidebar has been purged, triggered by action: save_post 
[2025-06-18 10:50:12 : INFO] - Cache for URL: https://propertypoint.co.ke/?elementor_library=listings-page-with-sidebar has been purged, triggered by action: save_post 
[2025-06-18 10:50:12 : INFO] - Cache for URL: https://propertypoint.co.ke/?elementor_library=listings-page-with-sidebar has been purged, triggered by action: save_post 
[2025-06-18 10:54:25 : INFO] - Cache for URL: https://propertypoint.co.ke/?elementor_library=listings-page-with-sidebar has been purged, triggered by action: save_post 
[2025-06-18 10:54:25 : INFO] - Cache for URL: https://propertypoint.co.ke/?elementor_library=listings-page-with-sidebar has been purged, triggered by action: save_post 
[2025-06-18 10:54:25 : INFO] - Cache for URL: https://propertypoint.co.ke/?elementor_library=listings-page-with-sidebar has been purged, triggered by action: save_post 
[2025-06-18 11:12:29 : INFO] - Cache for URL: https://propertypoint.co.ke/listings-with-elementor/ has been purged, triggered by action: save_post 
[2025-06-18 11:12:29 : INFO] - Cache for URL: https://propertypoint.co.ke/listings-with-elementor/ has been purged, triggered by action: save_post 
[2025-06-18 11:12:29 : INFO] - Cache for URL: https://propertypoint.co.ke/listings-with-elementor/ has been purged, triggered by action: save_post 
[2025-06-18 17:39:11 : INFO] - Cache for URL: https://propertypoint.co.ke/?page_id=19047 has been purged, triggered by action: save_post 
[2025-06-18 17:41:15 : INFO] - Cache for URL: https://propertypoint.co.ke/properties-34/ has been purged, triggered by action: save_post 
[2025-06-18 17:41:20 : INFO] - Cache for URL: https://propertypoint.co.ke/properties-34/ has been purged, triggered by action: save_post 
[2025-06-18 18:01:19 : INFO] - Cache for URL: https://propertypoint.co.ke/properties-34/ has been purged, triggered by action: save_post 
[2025-06-18 18:04:27 : INFO] - Cache for URL: https://propertypoint.co.ke/?page_id=19051 has been purged, triggered by action: save_post 
[2025-06-18 18:04:37 : INFO] - Cache for URL: https://propertypoint.co.ke/?page_id=19051 has been purged, triggered by action: save_post 
[2025-06-18 18:04:38 : INFO] - Cache for URL: https://propertypoint.co.ke/?page_id=19051 has been purged, triggered by action: save_post 
[2025-06-18 18:12:12 : INFO] - Cache for URL: https://propertypoint.co.ke/elementor-19051/ has been purged, triggered by action: save_post 
[2025-06-18 18:12:12 : INFO] - Cache for URL: https://propertypoint.co.ke/elementor-19051/ has been purged, triggered by action: save_post 
[2025-06-18 18:12:13 : INFO] - Cache for URL: https://propertypoint.co.ke/elementor-19051/ has been purged, triggered by action: save_post 
[2025-06-18 18:12:31 : INFO] - Cache for URL: https://propertypoint.co.ke/elementor-19051/ has been purged, triggered by action: save_post 
[2025-06-18 18:12:32 : INFO] - Cache for URL: https://propertypoint.co.ke/elementor-19051/ has been purged, triggered by action: save_post 
[2025-06-18 18:12:32 : INFO] - Cache for URL: https://propertypoint.co.ke/elementor-19051/ has been purged, triggered by action: save_post 
[2025-06-18 18:13:37 : INFO] - Cache for URL: https://propertypoint.co.ke/elementor-19051/ has been purged, triggered by action: save_post 
[2025-06-18 18:13:38 : INFO] - Cache for URL: https://propertypoint.co.ke/elementor-19051/ has been purged, triggered by action: save_post 
[2025-06-18 18:13:38 : INFO] - Cache for URL: https://propertypoint.co.ke/elementor-19051/ has been purged, triggered by action: save_post 
[2025-06-18 18:20:27 : INFO] - Cache for URL: https://propertypoint.co.ke/elementor-19051/ has been purged, triggered by action: wp_trash_post 
[2025-06-18 18:20:27 : INFO] - Cache for URL: https://propertypoint.co.ke/?page_id=19051 has been purged, triggered by action: save_post 
[2025-06-18 18:20:34 : INFO] - Cache for URL: https://propertypoint.co.ke/properties-34/ has been purged, triggered by action: wp_trash_post 
[2025-06-18 18:20:34 : INFO] - Cache for URL: https://propertypoint.co.ke/?page_id=19047 has been purged, triggered by action: save_post 
[2025-06-18 18:20:48 : INFO] - Cache for URL: https://propertypoint.co.ke/?page_id=19064 has been purged, triggered by action: save_post 
[2025-06-18 18:20:54 : INFO] - Cache for URL: https://propertypoint.co.ke/?page_id=19064 has been purged, triggered by action: save_post 
[2025-06-18 18:20:55 : INFO] - Cache for URL: https://propertypoint.co.ke/?page_id=19064 has been purged, triggered by action: save_post 
[2025-06-18 18:25:18 : INFO] - Cache for URL: https://propertypoint.co.ke/elementor-19064/ has been purged, triggered by action: save_post 
[2025-06-18 18:25:18 : INFO] - Cache for URL: https://propertypoint.co.ke/a-a-35/ has been purged, triggered by action: save_post 
[2025-06-18 18:25:18 : INFO] - Cache for URL: https://propertypoint.co.ke/a-a-35/ has been purged, triggered by action: save_post 
[2025-06-18 19:07:58 : INFO] - Cache for URL: https://propertypoint.co.ke/a-a-35/ has been purged, triggered by action: save_post 
[2025-06-18 19:07:59 : INFO] - Cache for URL: https://propertypoint.co.ke/a-a-35/ has been purged, triggered by action: save_post 
[2025-06-18 19:08:00 : INFO] - Cache for URL: https://propertypoint.co.ke/a-a-35/ has been purged, triggered by action: save_post 
[2025-06-18 19:24:44 : INFO] - Cache for URL: https://propertypoint.co.ke/properties/ has been purged, triggered by action: save_post 
[2025-06-18 19:24:45 : INFO] - Cache for URL: https://propertypoint.co.ke/properties/ has been purged, triggered by action: save_post 
[2025-06-18 19:25:20 : INFO] - Cache for URL: https://propertypoint.co.ke/properties/ has been purged, triggered by action: save_post 
[2025-06-18 19:25:21 : INFO] - Cache for URL: https://propertypoint.co.ke/properties/ has been purged, triggered by action: save_post 
[2025-06-18 19:27:52 : INFO] - Cache for URL: https://propertypoint.co.ke/properties/ has been purged, triggered by action: save_post 
[2025-06-18 19:27:53 : INFO] - Cache for URL: https://propertypoint.co.ke/properties/ has been purged, triggered by action: save_post 
[2025-06-18 19:28:20 : INFO] - Cache for URL: https://propertypoint.co.ke/properties/ has been purged, triggered by action: save_post 
[2025-06-18 19:28:21 : INFO] - Cache for URL: https://propertypoint.co.ke/properties/ has been purged, triggered by action: save_post 
[2025-06-18 19:46:33 : INFO] - Cache for URL: https://propertypoint.co.ke/property/prime-property-for-sale-in-riverside-estate-3/ has been purged, triggered by action: save_post 
[2025-06-18 19:46:33 : INFO] - Cache for archive page associated with post_type: property and Title: "Prime property for sale in Riverside Estate" has been purged, triggered by action: save_post 
[2025-06-18 19:46:35 : INFO] - Cache for URL: https://propertypoint.co.ke/property/prime-property-for-sale-in-riverside-estate-3/ has been purged, triggered by action: save_post 
[2025-06-18 19:46:35 : INFO] - Cache for archive page associated with post_type: property and Title: "Prime property for sale in Riverside Estate" has been purged, triggered by action: save_post 
[2025-06-18 19:51:07 : INFO] - Cache for URL: https://propertypoint.co.ke/property/bongo-gardens-nanyuki/ has been purged, triggered by action: save_post 
[2025-06-18 19:51:07 : INFO] - Cache for archive page associated with post_type: property and Title: "Bongo Gardens Phase 3, Nanyuki" has been purged, triggered by action: save_post 
[2025-06-18 19:51:07 : INFO] - Cache for multiple term taxonomy have been purged due to post terms update, triggered by action: set_object_terms 
[2025-06-18 19:51:08 : INFO] - Cache for URL: https://propertypoint.co.ke/property/bongo-gardens-nanyuki/ has been purged, triggered by action: save_post 
[2025-06-18 19:51:08 : INFO] - Cache for archive page associated with post_type: property and Title: "Bongo Gardens Phase 3, Nanyuki" has been purged, triggered by action: save_post 
[2025-06-18 19:51:38 : INFO] - Cache for URL: https://propertypoint.co.ke/property/limuru-business-park/ has been purged, triggered by action: save_post 
[2025-06-18 19:51:38 : INFO] - Cache for archive page associated with post_type: property and Title: "Limuru Business Park" has been purged, triggered by action: save_post 
[2025-06-18 19:51:38 : INFO] - Cache for multiple term taxonomy have been purged due to post terms update, triggered by action: set_object_terms 
[2025-06-18 19:51:39 : INFO] - Cache for URL: https://propertypoint.co.ke/property/limuru-business-park/ has been purged, triggered by action: save_post 
[2025-06-18 19:51:39 : INFO] - Cache for archive page associated with post_type: property and Title: "Limuru Business Park" has been purged, triggered by action: save_post 
[2025-06-18 19:52:12 : INFO] - Cache for URL: https://propertypoint.co.ke/property/clay-city-plots/ has been purged, triggered by action: save_post 
[2025-06-18 19:52:12 : INFO] - Cache for archive page associated with post_type: property and Title: "Clay City Plots" has been purged, triggered by action: save_post 
[2025-06-18 19:52:12 : INFO] - Cache for multiple term taxonomy have been purged due to post terms update, triggered by action: set_object_terms 
[2025-06-18 19:52:13 : INFO] - Cache for URL: https://propertypoint.co.ke/property/clay-city-plots/ has been purged, triggered by action: save_post 
[2025-06-18 19:52:13 : INFO] - Cache for archive page associated with post_type: property and Title: "Clay City Plots" has been purged, triggered by action: save_post 
[2025-06-18 19:52:42 : INFO] - Cache for URL: https://propertypoint.co.ke/property/the-westery/ has been purged, triggered by action: save_post 
[2025-06-18 19:52:42 : INFO] - Cache for archive page associated with post_type: property and Title: "The Westery " has been purged, triggered by action: save_post 
[2025-06-18 19:52:42 : INFO] - Cache for multiple term taxonomy have been purged due to post terms update, triggered by action: set_object_terms 
[2025-06-18 19:52:43 : INFO] - Cache for URL: https://propertypoint.co.ke/property/the-westery/ has been purged, triggered by action: save_post 
[2025-06-18 19:52:43 : INFO] - Cache for archive page associated with post_type: property and Title: "The Westery " has been purged, triggered by action: save_post 
[2025-06-18 19:52:58 : INFO] - Cache for URL: https://propertypoint.co.ke/property/zamani-business-park-karen/ has been purged, triggered by action: save_post 
[2025-06-18 19:52:58 : INFO] - Cache for archive page associated with post_type: property and Title: "Zamani Business Park Karen" has been purged, triggered by action: save_post 
[2025-06-18 19:52:58 : INFO] - Cache for multiple term taxonomy have been purged due to post terms update, triggered by action: set_object_terms 
[2025-06-18 19:52:59 : INFO] - Cache for URL: https://propertypoint.co.ke/property/zamani-business-park-karen/ has been purged, triggered by action: save_post 
[2025-06-18 19:52:59 : INFO] - Cache for archive page associated with post_type: property and Title: "Zamani Business Park Karen" has been purged, triggered by action: save_post 
[2025-06-18 19:53:18 : INFO] - Cache for URL: https://propertypoint.co.ke/property/zamani-business-park-karen/ has been purged, triggered by action: save_post 
[2025-06-18 19:53:18 : INFO] - Cache for archive page associated with post_type: property and Title: "Zamani Business Park Karen" has been purged, triggered by action: save_post 
[2025-06-18 19:53:19 : INFO] - Cache for URL: https://propertypoint.co.ke/property/zamani-business-park-karen/ has been purged, triggered by action: save_post 
[2025-06-18 19:53:19 : INFO] - Cache for archive page associated with post_type: property and Title: "Zamani Business Park Karen" has been purged, triggered by action: save_post 
[2025-06-18 19:53:35 : INFO] - Cache for URL: https://propertypoint.co.ke/property/applewood-adams/ has been purged, triggered by action: save_post 
[2025-06-18 19:53:35 : INFO] - Cache for archive page associated with post_type: property and Title: "Applewood Adams, Ngong Road" has been purged, triggered by action: save_post 
[2025-06-18 19:53:35 : INFO] - Cache for multiple term taxonomy have been purged due to post terms update, triggered by action: set_object_terms 
[2025-06-18 19:53:36 : INFO] - Cache for URL: https://propertypoint.co.ke/property/applewood-adams/ has been purged, triggered by action: save_post 
[2025-06-18 19:53:36 : INFO] - Cache for archive page associated with post_type: property and Title: "Applewood Adams, Ngong Road" has been purged, triggered by action: save_post 
[2025-06-18 19:53:51 : INFO] - Cache for URL: https://propertypoint.co.ke/property/fahari-residences/ has been purged, triggered by action: save_post 
[2025-06-18 19:53:51 : INFO] - Cache for archive page associated with post_type: property and Title: "Fahari Residences by Theta Dam Estate" has been purged, triggered by action: save_post 
[2025-06-18 19:53:51 : INFO] - Cache for multiple term taxonomy have been purged due to post terms update, triggered by action: set_object_terms 
[2025-06-18 19:53:52 : INFO] - Cache for URL: https://propertypoint.co.ke/property/fahari-residences/ has been purged, triggered by action: save_post 
[2025-06-18 19:53:52 : INFO] - Cache for archive page associated with post_type: property and Title: "Fahari Residences by Theta Dam Estate" has been purged, triggered by action: save_post 
[2025-06-18 19:55:00 : INFO] - Cache for URL: https://propertypoint.co.ke/properties/ has been purged, triggered by action: save_post 
[2025-06-18 19:55:01 : INFO] - Cache for URL: https://propertypoint.co.ke/properties/ has been purged, triggered by action: save_post 
[2025-06-18 19:57:30 : INFO] - Cache for URL: https://propertypoint.co.ke/a-a-35/ has been purged, triggered by action: wp_trash_post 
[2025-06-18 19:57:30 : INFO] - Cache for URL: https://propertypoint.co.ke/?page_id=19064 has been purged, triggered by action: save_post 
[2025-06-18 19:59:05 : INFO] - Cache for URL: https://propertypoint.co.ke/ has been purged, triggered by action: save_post 
[2025-06-18 19:59:06 : INFO] - Cache for URL: https://propertypoint.co.ke/ has been purged, triggered by action: save_post 
[2025-06-18 19:59:06 : INFO] - Cache for URL: https://propertypoint.co.ke/ has been purged, triggered by action: save_post 
[2025-06-18 20:18:14 : INFO] - Full Cache Purge triggered by: plugin activation/deactivation 
[2025-06-18 20:26:55 : INFO] - Full Cache Purge triggered by: plugin activation/deactivation 
[2025-06-18 20:29:38 : INFO] - Full Cache Purge triggered by: plugin activation/deactivation 
[2025-06-19 10:59:01 : INFO] - Full Cache Purge triggered by: WPO_Page_Cache::disable 
[2025-06-19 10:59:42 : INFO] - Full Cache Purge triggered by: WPO_Page_Cache::disable 
[2025-06-19 11:05:18 : INFO] - Full Cache Purge triggered by: WP_Optimize_Minify_Cache_Functions::purge_others 
[2025-06-19 11:05:35 : INFO] - Full Cache Purge triggered by: WP_Optimize_Minify_Cache_Functions::purge_others 
[2025-06-24 11:37:30 : INFO] - Cache for URL: https://propertypoint.co.ke/?p=19088 has been purged, triggered by action: save_post 
[2025-06-24 11:37:30 : INFO] - Cache for blog post has been purged due to updates to post with Title: "Auto Draft" and URL: https://propertypoint.co.ke/?p=19088, triggered by action: save_post 
[2025-06-24 11:37:30 : INFO] - Cache for all archives page associated with post_type: post and Title: "Auto Draft" have been purged, triggered by action: save_post 
[2025-06-24 12:09:35 : INFO] - Cache for URL: https://propertypoint.co.ke/properties/ has been purged, triggered by action: save_post 
[2025-06-24 12:11:39 : INFO] - Cache for URL: https://propertypoint.co.ke/properties/ has been purged, triggered by action: save_post 
[2025-07-02 04:37:08 : INFO] - Cache for URL: https://propertypoint.co.ke/?page_id=19092 has been purged, triggered by action: save_post 
[2025-07-02 13:59:12 : INFO] - Cache for URL: https://propertypoint.co.ke/?p=19097 has been purged, triggered by action: save_post 
[2025-07-02 13:59:12 : INFO] - Cache for blog post has been purged due to updates to post with Title: "Auto Draft" and URL: https://propertypoint.co.ke/?p=19097, triggered by action: save_post 
[2025-07-02 13:59:12 : INFO] - Cache for all archives page associated with post_type: post and Title: "Auto Draft" have been purged, triggered by action: save_post 
[2025-07-02 14:09:00 : INFO] - Cache for URL: https://propertypoint.co.ke/property/limuru-business-park/ has been purged, triggered by action: save_post 
[2025-07-02 14:09:00 : INFO] - Cache for archive page associated with post_type: property and Title: "Limuru Business Park" has been purged, triggered by action: save_post 
[2025-07-02 14:09:02 : INFO] - Cache for URL: https://propertypoint.co.ke/property/limuru-business-park/ has been purged, triggered by action: save_post 
[2025-07-02 14:09:02 : INFO] - Cache for archive page associated with post_type: property and Title: "Limuru Business Park" has been purged, triggered by action: save_post 
[2025-07-02 14:09:55 : INFO] - Cache for multiple term taxonomy have been purged due to post terms update, triggered by action: set_object_terms 
[2025-07-02 14:09:55 : INFO] - Cache for URL: https://propertypoint.co.ke/property/prime-property-for-sale-in-riverside-estate-3/ has been purged, triggered by action: save_post 
[2025-07-02 14:09:55 : INFO] - Cache for archive page associated with post_type: property and Title: "Prime property for sale in Riverside Estate" has been purged, triggered by action: save_post 
[2025-07-02 14:09:56 : INFO] - Cache for multiple term taxonomy have been purged due to post terms update, triggered by action: set_object_terms 
[2025-07-02 14:09:56 : INFO] - Cache for URL: https://propertypoint.co.ke/property/kiambaa-karura-t-625-stephannies-apartments-karura-area/ has been purged, triggered by action: save_post 
[2025-07-02 14:09:56 : INFO] - Cache for archive page associated with post_type: property and Title: "Kiambaa / Karura / T.625-, Stephannie’s apartments Karura Area" has been purged, triggered by action: save_post 
[2025-07-02 14:09:56 : INFO] - Cache for multiple term taxonomy have been purged due to post terms update, triggered by action: set_object_terms 
[2025-07-02 14:09:56 : INFO] - Cache for URL: https://propertypoint.co.ke/property/prime-property-for-sale-in-dagoretti-kinoo/ has been purged, triggered by action: save_post 
[2025-07-02 14:09:56 : INFO] - Cache for archive page associated with post_type: property and Title: "Prime property for sale in Dagoretti / Kinoo" has been purged, triggered by action: save_post 
[2025-07-02 14:09:56 : INFO] - Cache for multiple term taxonomy have been purged due to post terms update, triggered by action: set_object_terms 
[2025-07-02 14:09:56 : INFO] - Cache for URL: https://propertypoint.co.ke/property/prime-property-for-sale-in-kilimani-nairobi/ has been purged, triggered by action: save_post 
[2025-07-02 14:09:56 : INFO] - Cache for archive page associated with post_type: property and Title: "Prime property for sale in Kilimani Nairobi" has been purged, triggered by action: save_post 
[2025-07-02 14:09:56 : INFO] - Cache for multiple term taxonomy have been purged due to post terms update, triggered by action: set_object_terms 
[2025-07-02 14:09:56 : INFO] - Cache for URL: https://propertypoint.co.ke/?post_type=property&p=18949 has been purged, triggered by action: save_post 
[2025-07-02 14:09:56 : INFO] - Cache for archive page associated with post_type: property and Title: "Prime property for sale in Riverside Estate" has been purged, triggered by action: save_post 
[2025-07-02 14:09:56 : INFO] - Cache for multiple term taxonomy have been purged due to post terms update, triggered by action: set_object_terms 
[2025-07-02 14:09:56 : INFO] - Cache for URL: https://propertypoint.co.ke/?post_type=property&p=18948 has been purged, triggered by action: save_post 
[2025-07-02 14:09:56 : INFO] - Cache for archive page associated with post_type: property and Title: "Prime property for sale in Riverside Estate" has been purged, triggered by action: save_post 
[2025-07-02 14:09:56 : INFO] - Cache for multiple term taxonomy have been purged due to post terms update, triggered by action: set_object_terms 
[2025-07-02 14:09:56 : INFO] - Cache for URL: https://propertypoint.co.ke/?post_type=property&p=18947 has been purged, triggered by action: save_post 
[2025-07-02 14:09:56 : INFO] - Cache for archive page associated with post_type: property and Title: "Prime property for sale in Riverside Estate" has been purged, triggered by action: save_post 
[2025-07-02 14:09:56 : INFO] - Cache for multiple term taxonomy have been purged due to post terms update, triggered by action: set_object_terms 
[2025-07-02 14:09:56 : INFO] - Cache for URL: https://propertypoint.co.ke/?post_type=property&p=18946 has been purged, triggered by action: save_post 
[2025-07-02 14:09:56 : INFO] - Cache for archive page associated with post_type: property and Title: "Prime property for sale in Riverside Estate" has been purged, triggered by action: save_post 
[2025-07-02 14:09:56 : INFO] - Cache for multiple term taxonomy have been purged due to post terms update, triggered by action: set_object_terms 
[2025-07-02 14:09:56 : INFO] - Cache for URL: https://propertypoint.co.ke/?post_type=property&p=18945 has been purged, triggered by action: save_post 
[2025-07-02 14:09:56 : INFO] - Cache for archive page associated with post_type: property and Title: "Prime property for sale in Riverside Estate" has been purged, triggered by action: save_post 
[2025-07-02 14:09:56 : INFO] - Cache for multiple term taxonomy have been purged due to post terms update, triggered by action: set_object_terms 
[2025-07-02 14:09:56 : INFO] - Cache for URL: https://propertypoint.co.ke/?post_type=property&p=18944 has been purged, triggered by action: save_post 
[2025-07-02 14:09:56 : INFO] - Cache for archive page associated with post_type: property and Title: "Prime property for sale in Riverside Estate" has been purged, triggered by action: save_post 
[2025-07-02 14:09:56 : INFO] - Cache for multiple term taxonomy have been purged due to post terms update, triggered by action: set_object_terms 
[2025-07-02 14:09:56 : INFO] - Cache for URL: https://propertypoint.co.ke/?post_type=property&p=18943 has been purged, triggered by action: save_post 
[2025-07-02 14:09:56 : INFO] - Cache for archive page associated with post_type: property and Title: "Prime property for sale in Riverside Estate" has been purged, triggered by action: save_post 
[2025-07-02 14:09:56 : INFO] - Cache for multiple term taxonomy have been purged due to post terms update, triggered by action: set_object_terms 
[2025-07-02 14:09:56 : INFO] - Cache for URL: https://propertypoint.co.ke/?post_type=property&p=18942 has been purged, triggered by action: save_post 
[2025-07-02 14:09:56 : INFO] - Cache for archive page associated with post_type: property and Title: "Prime property for sale in Riverside Estate" has been purged, triggered by action: save_post 
[2025-07-02 14:09:56 : INFO] - Cache for multiple term taxonomy have been purged due to post terms update, triggered by action: set_object_terms 
[2025-07-02 14:09:56 : INFO] - Cache for URL: https://propertypoint.co.ke/property/prime-property-for-sale-in-riverside-estate-2/ has been purged, triggered by action: save_post 
[2025-07-02 14:09:56 : INFO] - Cache for archive page associated with post_type: property and Title: "Prime property for sale in Riverside Estate" has been purged, triggered by action: save_post 
[2025-07-02 14:09:56 : INFO] - Cache for multiple term taxonomy have been purged due to post terms update, triggered by action: set_object_terms 
[2025-07-02 14:09:56 : INFO] - Cache for URL: https://propertypoint.co.ke/property/prime-property-for-sale-in-ngoingwa-estate-thika/ has been purged, triggered by action: save_post 
[2025-07-02 14:09:56 : INFO] - Cache for archive page associated with post_type: property and Title: "Prime property for sale in Ngoingwa Estate Thika" has been purged, triggered by action: save_post 
[2025-07-02 14:09:56 : INFO] - Cache for multiple term taxonomy have been purged due to post terms update, triggered by action: set_object_terms 
[2025-07-02 14:09:56 : INFO] - Cache for URL: https://propertypoint.co.ke/property/prime-property-for-sale-in-dagoretti-riruta/ has been purged, triggered by action: save_post 
[2025-07-02 14:09:56 : INFO] - Cache for archive page associated with post_type: property and Title: "Prime property for sale in Dagoretti / Riruta" has been purged, triggered by action: save_post 
[2025-07-02 14:09:56 : INFO] - Cache for multiple term taxonomy have been purged due to post terms update, triggered by action: set_object_terms 
[2025-07-02 14:09:56 : INFO] - Cache for multiple term taxonomy have been purged due to post terms update, triggered by action: set_object_terms 
[2025-07-02 14:09:56 : INFO] - Cache for multiple term taxonomy have been purged due to post terms update, triggered by action: set_object_terms 
[2025-07-02 14:09:56 : INFO] - Cache for multiple term taxonomy have been purged due to post terms update, triggered by action: set_object_terms 
[2025-07-02 14:09:56 : INFO] - Cache for URL: https://propertypoint.co.ke/property/mangu-gardens/ has been purged, triggered by action: save_post 
[2025-07-02 14:09:56 : INFO] - Cache for archive page associated with post_type: property and Title: "Mang&#8217;u Gardens" has been purged, triggered by action: save_post 
[2025-07-02 14:09:56 : INFO] - Cache for multiple term taxonomy have been purged due to post terms update, triggered by action: set_object_terms 
[2025-07-02 14:09:56 : INFO] - Cache for multiple term taxonomy have been purged due to post terms update, triggered by action: set_object_terms 
[2025-07-02 14:09:56 : INFO] - Cache for multiple term taxonomy have been purged due to post terms update, triggered by action: set_object_terms 
[2025-07-02 14:09:56 : INFO] - Cache for URL: https://propertypoint.co.ke/property/marana-suites-apartments-for-sale-in-ruaka-nairobi/ has been purged, triggered by action: save_post 
[2025-07-02 14:09:56 : INFO] - Cache for archive page associated with post_type: property and Title: "Marana Suites Apartments For Sale In Ruaka, Nairobi" has been purged, triggered by action: save_post 
[2025-07-02 14:09:57 : INFO] - Cache for multiple term taxonomy have been purged due to post terms update, triggered by action: set_object_terms 
[2025-07-02 14:09:57 : INFO] - Cache for multiple term taxonomy have been purged due to post terms update, triggered by action: set_object_terms 
[2025-07-02 14:09:57 : INFO] - Cache for URL: https://propertypoint.co.ke/property/bongo-gardens-nanyuki/ has been purged, triggered by action: save_post 
[2025-07-02 14:09:57 : INFO] - Cache for archive page associated with post_type: property and Title: "Bongo Gardens Phase 3, Nanyuki" has been purged, triggered by action: save_post 
[2025-07-02 14:09:57 : INFO] - Cache for multiple term taxonomy have been purged due to post terms update, triggered by action: set_object_terms 
[2025-07-02 14:09:57 : INFO] - Cache for multiple term taxonomy have been purged due to post terms update, triggered by action: set_object_terms 
[2025-07-02 14:09:57 : INFO] - Cache for URL: https://propertypoint.co.ke/property/sagana-residences/ has been purged, triggered by action: save_post 
[2025-07-02 14:09:57 : INFO] - Cache for archive page associated with post_type: property and Title: "Sagana Residences" has been purged, triggered by action: save_post 
[2025-07-02 14:09:57 : INFO] - Cache for multiple term taxonomy have been purged due to post terms update, triggered by action: set_object_terms 
[2025-07-02 14:09:57 : INFO] - Cache for multiple term taxonomy have been purged due to post terms update, triggered by action: set_object_terms 
[2025-07-02 14:09:57 : INFO] - Cache for URL: https://propertypoint.co.ke/property/limuru-business-park/ has been purged, triggered by action: save_post 
[2025-07-02 14:09:57 : INFO] - Cache for archive page associated with post_type: property and Title: "Limuru Business Park" has been purged, triggered by action: save_post 
[2025-07-03 04:32:51 : INFO] - Cache for URL: https://propertypoint.co.ke/?p=19115 has been purged, triggered by action: save_post 
[2025-07-03 04:32:51 : INFO] - Cache for blog post has been purged due to updates to post with Title: "Auto Draft" and URL: https://propertypoint.co.ke/?p=19115, triggered by action: save_post 
[2025-07-03 04:32:51 : INFO] - Cache for all archives page associated with post_type: post and Title: "Auto Draft" have been purged, triggered by action: save_post 
[2025-07-03 06:11:29 : INFO] - Cache for URL: https://propertypoint.co.ke/property/prime-property-for-sale-in-riverside-estate-4/ has been purged, triggered by action: save_post 
[2025-07-03 06:11:29 : INFO] - Cache for archive page associated with post_type: property and Title: "Prime property for sale in Riverside Estate" has been purged, triggered by action: save_post 
[2025-07-03 06:12:13 : INFO] - Cache for URL: https://propertypoint.co.ke/property/prime-property-for-sale-in-riverside-estate-4/ has been purged, triggered by action: save_post 
[2025-07-03 06:12:13 : INFO] - Cache for archive page associated with post_type: property and Title: "Prime property for sale in Riverside Estate" has been purged, triggered by action: save_post 
[2025-07-03 06:30:25 : INFO] - Cache for URL: https://propertypoint.co.ke/ has been purged, triggered by action: save_post 
[2025-07-03 06:30:26 : INFO] - Cache for URL: https://propertypoint.co.ke/ has been purged, triggered by action: save_post 
[2025-07-03 06:30:26 : INFO] - Cache for URL: https://propertypoint.co.ke/ has been purged, triggered by action: save_post 
[2025-07-03 06:34:02 : INFO] - Cache for URL: https://propertypoint.co.ke/ has been purged, triggered by action: save_post 
[2025-07-03 06:34:02 : INFO] - Cache for URL: https://propertypoint.co.ke/ has been purged, triggered by action: save_post 
[2025-07-03 06:34:03 : INFO] - Cache for URL: https://propertypoint.co.ke/ has been purged, triggered by action: save_post 
[2025-07-03 07:31:52 : INFO] - Cache for URL: https://propertypoint.co.ke/apartments-in-new-york/ has been purged, triggered by action: save_post 
[2025-07-03 07:31:52 : INFO] - Cache for URL: https://propertypoint.co.ke/apartments-in-new-york/ has been purged, triggered by action: save_post 
[2025-07-03 07:31:52 : INFO] - Cache for URL: https://propertypoint.co.ke/apartments-in-new-york/ has been purged, triggered by action: save_post 
[2025-07-03 07:35:53 : INFO] - Cache for URL: https://propertypoint.co.ke/apartments-in-new-york/ has been purged, triggered by action: save_post 
[2025-07-03 07:35:53 : INFO] - Cache for URL: https://propertypoint.co.ke/apartments-in-new-york/ has been purged, triggered by action: save_post 
[2025-07-03 07:35:53 : INFO] - Cache for URL: https://propertypoint.co.ke/apartments-in-new-york/ has been purged, triggered by action: save_post 
[2025-07-03 07:36:39 : INFO] - Cache for URL: https://propertypoint.co.ke/?page_id=5350 has been purged, triggered by action: save_post 
[2025-07-03 07:36:46 : INFO] - Cache for URL: https://propertypoint.co.ke/?page_id=19133 has been purged, triggered by action: save_post 
[2025-07-03 07:43:10 : INFO] - Cache for URL: https://propertypoint.co.ke/residential-properties-draft/ has been purged, triggered by action: save_post 
[2025-07-03 07:43:10 : INFO] - Cache for URL: https://propertypoint.co.ke/residential-properties-draft/ has been purged, triggered by action: save_post 
[2025-07-03 07:43:11 : INFO] - Cache for URL: https://propertypoint.co.ke/residential-properties-draft/ has been purged, triggered by action: save_post 
[2025-07-03 07:43:12 : INFO] - Cache for URL: https://propertypoint.co.ke/?p=19137 has been purged, triggered by action: save_post 
[2025-07-03 07:43:12 : INFO] - Cache for blog post has been purged due to updates to post with Title: "Auto Draft" and URL: https://propertypoint.co.ke/?p=19137, triggered by action: save_post 
[2025-07-03 07:43:12 : INFO] - Cache for all archives page associated with post_type: post and Title: "Auto Draft" have been purged, triggered by action: save_post 
[2025-07-03 07:45:01 : INFO] - Cache for URL: https://propertypoint.co.ke/residential-properties-draft/ has been purged, triggered by action: save_post 
[2025-07-03 07:45:01 : INFO] - Cache for URL: https://propertypoint.co.ke/residential-properties-draft/ has been purged, triggered by action: save_post 
[2025-07-03 07:45:02 : INFO] - Cache for URL: https://propertypoint.co.ke/residential-properties-draft/ has been purged, triggered by action: save_post 
[2025-07-03 07:45:48 : INFO] - Cache for URL: https://propertypoint.co.ke/residential-properties-draft/ has been purged, triggered by action: save_post 
[2025-07-03 07:45:49 : INFO] - Cache for URL: https://propertypoint.co.ke/residential-properties-draft/ has been purged, triggered by action: save_post 
[2025-07-03 07:45:49 : INFO] - Cache for URL: https://propertypoint.co.ke/residential-properties-draft/ has been purged, triggered by action: save_post 
[2025-07-03 11:31:45 : INFO] - Cache for URL: https://propertypoint.co.ke/?p=19144 has been purged, triggered by action: save_post 
[2025-07-03 11:31:45 : INFO] - Cache for blog post has been purged due to updates to post with Title: "Auto Draft" and URL: https://propertypoint.co.ke/?p=19144, triggered by action: save_post 
[2025-07-03 11:31:45 : INFO] - Cache for all archives page associated with post_type: post and Title: "Auto Draft" have been purged, triggered by action: save_post 
[2025-07-04 07:20:06 : INFO] - Cache for URL: https://propertypoint.co.ke/contact/ has been purged, triggered by action: save_post 
[2025-07-04 07:20:06 : INFO] - Cache for URL: https://propertypoint.co.ke/contact/ has been purged, triggered by action: save_post 
[2025-07-04 07:20:06 : INFO] - Cache for URL: https://propertypoint.co.ke/contact/ has been purged, triggered by action: save_post 
[2025-07-04 07:21:51 : INFO] - Cache for URL: https://propertypoint.co.ke/contact/ has been purged, triggered by action: save_post 
[2025-07-04 07:21:51 : INFO] - Cache for URL: https://propertypoint.co.ke/contact/ has been purged, triggered by action: save_post 
[2025-07-04 07:21:51 : INFO] - Cache for URL: https://propertypoint.co.ke/contact/ has been purged, triggered by action: save_post 
[2025-07-04 07:23:03 : INFO] - Cache for URL: https://propertypoint.co.ke/contact/ has been purged, triggered by action: save_post 
[2025-07-04 07:23:03 : INFO] - Cache for URL: https://propertypoint.co.ke/contact/ has been purged, triggered by action: save_post 
[2025-07-04 07:23:03 : INFO] - Cache for URL: https://propertypoint.co.ke/contact/ has been purged, triggered by action: save_post 
[2025-07-04 07:25:47 : INFO] - Cache for URL: https://propertypoint.co.ke/contact/ has been purged, triggered by action: save_post 
[2025-07-04 07:25:47 : INFO] - Cache for URL: https://propertypoint.co.ke/contact/ has been purged, triggered by action: save_post 
[2025-07-04 07:25:47 : INFO] - Cache for URL: https://propertypoint.co.ke/contact/ has been purged, triggered by action: save_post 
[2025-07-04 07:27:48 : INFO] - Cache for URL: https://propertypoint.co.ke/contact/ has been purged, triggered by action: save_post 
[2025-07-04 07:27:48 : INFO] - Cache for URL: https://propertypoint.co.ke/contact/ has been purged, triggered by action: save_post 
[2025-07-04 07:27:48 : INFO] - Cache for URL: https://propertypoint.co.ke/contact/ has been purged, triggered by action: save_post 
[2025-07-04 07:29:00 : INFO] - Cache for URL: https://propertypoint.co.ke/contact/ has been purged, triggered by action: save_post 
[2025-07-04 07:29:00 : INFO] - Cache for URL: https://propertypoint.co.ke/contact/ has been purged, triggered by action: save_post 
[2025-07-04 07:29:00 : INFO] - Cache for URL: https://propertypoint.co.ke/contact/ has been purged, triggered by action: save_post 
[2025-07-04 07:29:18 : INFO] - Cache for URL: https://propertypoint.co.ke/contact/ has been purged, triggered by action: save_post 
[2025-07-04 07:29:18 : INFO] - Cache for URL: https://propertypoint.co.ke/contact/ has been purged, triggered by action: save_post 
[2025-07-04 07:29:18 : INFO] - Cache for URL: https://propertypoint.co.ke/contact/ has been purged, triggered by action: save_post 
[2025-07-04 08:39:39 : INFO] - Cache for URL: https://propertypoint.co.ke/property/mangu-gardens/ has been purged, triggered by action: save_post 
[2025-07-04 08:39:39 : INFO] - Cache for archive page associated with post_type: property and Title: "Mang&#8217;u Gardens" has been purged, triggered by action: save_post 
[2025-07-04 08:39:41 : INFO] - Cache for URL: https://propertypoint.co.ke/property/mangu-gardens/ has been purged, triggered by action: save_post 
[2025-07-04 08:39:41 : INFO] - Cache for archive page associated with post_type: property and Title: "Mang&#8217;u Gardens" has been purged, triggered by action: save_post 
[2025-07-04 08:40:30 : INFO] - Cache for URL: https://propertypoint.co.ke/property/mangu-gardens/ has been purged, triggered by action: save_post 
[2025-07-04 08:40:30 : INFO] - Cache for archive page associated with post_type: property and Title: "Mang&#8217;u Gardens" has been purged, triggered by action: save_post 
[2025-07-04 08:40:32 : INFO] - Cache for URL: https://propertypoint.co.ke/property/mangu-gardens/ has been purged, triggered by action: save_post 
[2025-07-04 08:40:32 : INFO] - Cache for archive page associated with post_type: property and Title: "Mang&#8217;u Gardens" has been purged, triggered by action: save_post 
[2025-07-04 08:40:44 : INFO] - Cache for URL: https://propertypoint.co.ke/property/mangu-gardens/ has been purged, triggered by action: save_post 
[2025-07-04 08:40:44 : INFO] - Cache for archive page associated with post_type: property and Title: "Mang&#8217;u Gardens" has been purged, triggered by action: save_post 
[2025-07-04 08:40:46 : INFO] - Cache for URL: https://propertypoint.co.ke/property/mangu-gardens/ has been purged, triggered by action: save_post 
[2025-07-04 08:40:46 : INFO] - Cache for archive page associated with post_type: property and Title: "Mang&#8217;u Gardens" has been purged, triggered by action: save_post 
[2025-07-04 08:47:16 : INFO] - Cache for URL: https://propertypoint.co.ke/property/mangu-gardens/ has been purged, triggered by action: save_post 
[2025-07-04 08:47:16 : INFO] - Cache for archive page associated with post_type: property and Title: "Mang&#8217;u Gardens" has been purged, triggered by action: save_post 
[2025-07-04 08:47:18 : INFO] - Cache for URL: https://propertypoint.co.ke/property/mangu-gardens/ has been purged, triggered by action: save_post 
[2025-07-04 08:47:18 : INFO] - Cache for archive page associated with post_type: property and Title: "Mang&#8217;u Gardens" has been purged, triggered by action: save_post 
[2025-07-04 08:49:05 : INFO] - Cache for URL: https://propertypoint.co.ke/property/mangu-gardens/ has been purged, triggered by action: save_post 
[2025-07-04 08:49:05 : INFO] - Cache for archive page associated with post_type: property and Title: "Mang&#8217;u Gardens" has been purged, triggered by action: save_post 
[2025-07-04 08:49:07 : INFO] - Cache for URL: https://propertypoint.co.ke/property/mangu-gardens/ has been purged, triggered by action: save_post 
[2025-07-04 08:49:07 : INFO] - Cache for archive page associated with post_type: property and Title: "Mang&#8217;u Gardens" has been purged, triggered by action: save_post 
[2025-07-04 09:22:03 : INFO] - Cache for URL: https://propertypoint.co.ke/property/mangu-gardens/ has been purged, triggered by action: save_post 
[2025-07-04 09:22:03 : INFO] - Cache for archive page associated with post_type: property and Title: "Mang&#8217;u Gardens" has been purged, triggered by action: save_post 
[2025-07-04 09:22:06 : INFO] - Cache for URL: https://propertypoint.co.ke/property/mangu-gardens/ has been purged, triggered by action: save_post 
[2025-07-04 09:22:06 : INFO] - Cache for archive page associated with post_type: property and Title: "Mang&#8217;u Gardens" has been purged, triggered by action: save_post 
[2025-07-04 09:23:15 : INFO] - Cache for URL: https://propertypoint.co.ke/property/mangu-gardens/ has been purged, triggered by action: save_post 
[2025-07-04 09:23:15 : INFO] - Cache for archive page associated with post_type: property and Title: "Mang&#8217;u Gardens" has been purged, triggered by action: save_post 
[2025-07-04 09:23:17 : INFO] - Cache for URL: https://propertypoint.co.ke/property/mangu-gardens/ has been purged, triggered by action: save_post 
[2025-07-04 09:23:17 : INFO] - Cache for archive page associated with post_type: property and Title: "Mang&#8217;u Gardens" has been purged, triggered by action: save_post 
[2025-07-04 09:24:16 : INFO] - Cache for URL: https://propertypoint.co.ke/property/mangu-gardens/ has been purged, triggered by action: save_post 
[2025-07-04 09:24:16 : INFO] - Cache for archive page associated with post_type: property and Title: "Mang&#8217;u Gardens" has been purged, triggered by action: save_post 
[2025-07-04 09:24:18 : INFO] - Cache for URL: https://propertypoint.co.ke/property/mangu-gardens/ has been purged, triggered by action: save_post 
[2025-07-04 09:24:18 : INFO] - Cache for archive page associated with post_type: property and Title: "Mang&#8217;u Gardens" has been purged, triggered by action: save_post 
[2025-07-04 09:28:18 : INFO] - Cache for URL: https://propertypoint.co.ke/property/marana-suites-apartments-for-sale-in-ruaka-nairobi/ has been purged, triggered by action: save_post 
[2025-07-04 09:28:18 : INFO] - Cache for archive page associated with post_type: property and Title: "Marana Suites Apartments For Sale In Ruaka, Nairobi" has been purged, triggered by action: save_post 
[2025-07-04 09:28:21 : INFO] - Cache for URL: https://propertypoint.co.ke/property/marana-suites-apartments-for-sale-in-ruaka-nairobi/ has been purged, triggered by action: save_post 
[2025-07-04 09:28:21 : INFO] - Cache for archive page associated with post_type: property and Title: "Marana Suites Apartments For Sale In Ruaka, Nairobi" has been purged, triggered by action: save_post 
[2025-07-04 09:29:22 : INFO] - Cache for URL: https://propertypoint.co.ke/property/bongo-gardens-nanyuki/ has been purged, triggered by action: save_post 
[2025-07-04 09:29:22 : INFO] - Cache for archive page associated with post_type: property and Title: "Bongo Gardens Phase 3, Nanyuki" has been purged, triggered by action: save_post 
[2025-07-04 09:29:24 : INFO] - Cache for URL: https://propertypoint.co.ke/property/bongo-gardens-nanyuki/ has been purged, triggered by action: save_post 
[2025-07-04 09:29:24 : INFO] - Cache for archive page associated with post_type: property and Title: "Bongo Gardens Phase 3, Nanyuki" has been purged, triggered by action: save_post 
[2025-07-04 11:35:38 : INFO] - Cache for URL: https://propertypoint.co.ke/?page_id=19177 has been purged, triggered by action: save_post 
[2025-07-04 11:35:46 : INFO] - Cache for URL: https://propertypoint.co.ke/?page_id=19177 has been purged, triggered by action: save_post 
[2025-07-04 11:35:48 : INFO] - Cache for URL: https://propertypoint.co.ke/?page_id=19177 has been purged, triggered by action: save_post 
[2025-07-04 11:39:00 : INFO] - Cache for URL: https://propertypoint.co.ke/elementor-19177/ has been purged, triggered by action: save_post 
[2025-07-04 11:39:00 : INFO] - Cache for URL: https://propertypoint.co.ke/elementor-19177/ has been purged, triggered by action: save_post 
[2025-07-04 11:39:00 : INFO] - Cache for URL: https://propertypoint.co.ke/elementor-19177/ has been purged, triggered by action: save_post 
[2025-07-04 11:39:46 : INFO] - Cache for URL: https://propertypoint.co.ke/elementor-19177/ has been purged, triggered by action: save_post 
[2025-07-04 11:39:46 : INFO] - Cache for URL: https://propertypoint.co.ke/elementor-19177/ has been purged, triggered by action: save_post 
[2025-07-04 11:39:46 : INFO] - Cache for URL: https://propertypoint.co.ke/elementor-19177/ has been purged, triggered by action: save_post 
[2025-07-04 11:42:06 : INFO] - Cache for URL: https://propertypoint.co.ke/elementor-19177/ has been purged, triggered by action: save_post 
[2025-07-04 11:42:06 : INFO] - Cache for URL: https://propertypoint.co.ke/elementor-19177/ has been purged, triggered by action: save_post 
[2025-07-04 11:42:07 : INFO] - Cache for URL: https://propertypoint.co.ke/elementor-19177/ has been purged, triggered by action: save_post 
[2025-07-04 11:43:08 : INFO] - Cache for URL: https://propertypoint.co.ke/elementor-19177/ has been purged, triggered by action: save_post 
[2025-07-04 11:43:09 : INFO] - Cache for URL: https://propertypoint.co.ke/elementor-19177/ has been purged, triggered by action: save_post 
[2025-07-04 11:43:09 : INFO] - Cache for URL: https://propertypoint.co.ke/elementor-19177/ has been purged, triggered by action: save_post 
[2025-07-04 11:48:17 : INFO] - Cache for URL: https://propertypoint.co.ke/elementor-19177/ has been purged, triggered by action: save_post 
[2025-07-04 11:48:17 : INFO] - Cache for URL: https://propertypoint.co.ke/elementor-19177/ has been purged, triggered by action: save_post 
[2025-07-04 11:48:17 : INFO] - Cache for URL: https://propertypoint.co.ke/elementor-19177/ has been purged, triggered by action: save_post 
[2025-07-04 11:56:29 : INFO] - Cache for URL: https://propertypoint.co.ke/elementor-19177/ has been purged, triggered by action: save_post 
[2025-07-04 11:56:29 : INFO] - Cache for URL: https://propertypoint.co.ke/elementor-19177/ has been purged, triggered by action: save_post 
[2025-07-04 11:56:29 : INFO] - Cache for URL: https://propertypoint.co.ke/elementor-19177/ has been purged, triggered by action: save_post 
[2025-07-04 12:10:44 : INFO] - Cache for URL: https://propertypoint.co.ke/elementor-19177/ has been purged, triggered by action: save_post 
[2025-07-04 12:10:44 : INFO] - Cache for URL: https://propertypoint.co.ke/elementor-19177/ has been purged, triggered by action: save_post 
[2025-07-04 12:10:45 : INFO] - Cache for URL: https://propertypoint.co.ke/elementor-19177/ has been purged, triggered by action: save_post 
[2025-07-05 18:49:30 : INFO] - Cache for URL: https://propertypoint.co.ke/knowledge-hub/ has been purged, triggered by action: save_post 
[2025-07-09 13:26:59 : INFO] - Cache for URL: https://propertypoint.co.ke/?p=19217 has been purged, triggered by action: save_post 
[2025-07-09 13:26:59 : INFO] - Cache for blog post has been purged due to updates to post with Title: "Auto Draft" and URL: https://propertypoint.co.ke/?p=19217, triggered by action: save_post 
[2025-07-09 13:26:59 : INFO] - Cache for all archives page associated with post_type: post and Title: "Auto Draft" have been purged, triggered by action: save_post 
[2025-07-10 12:13:07 : INFO] - Cache for URL: https://propertypoint.co.ke/?p=19218 has been purged, triggered by action: save_post 
[2025-07-10 12:13:07 : INFO] - Cache for blog post has been purged due to updates to post with Title: "Auto Draft" and URL: https://propertypoint.co.ke/?p=19218, triggered by action: save_post 
[2025-07-10 12:13:07 : INFO] - Cache for all archives page associated with post_type: post and Title: "Auto Draft" have been purged, triggered by action: save_post 
[2025-07-11 05:58:46 : INFO] - Cache for URL: https://propertypoint.co.ke/?post_type=property&p=17932 has been purged, triggered by action: save_post 
[2025-07-11 05:58:46 : INFO] - Cache for archive page associated with post_type: property and Title: "VillaKazi Homes" has been purged, triggered by action: save_post 
[2025-07-11 05:58:46 : INFO] - Cache for multiple term taxonomy have been purged due to post terms update, triggered by action: set_object_terms 
[2025-07-11 05:58:46 : INFO] - Cache for multiple term taxonomy have been purged due to post terms update, triggered by action: set_object_terms 
[2025-07-11 05:58:46 : INFO] - Cache for multiple term taxonomy have been purged due to post terms update, triggered by action: set_object_terms 
[2025-07-11 05:58:46 : INFO] - Cache for multiple term taxonomy have been purged due to post terms update, triggered by action: set_object_terms 
[2025-07-11 06:00:41 : INFO] - Cache for URL: https://propertypoint.co.ke/property/villakazi/ has been purged, triggered by action: save_post 
[2025-07-11 06:00:41 : INFO] - Cache for archive page associated with post_type: property and Title: "VillaKazi Homes" has been purged, triggered by action: save_post 
[2025-07-15 11:27:49 : INFO] - Cache for URL: https://propertypoint.co.ke/?p=19220 has been purged, triggered by action: save_post 
[2025-07-15 11:27:49 : INFO] - Cache for blog post has been purged due to updates to post with Title: "Auto Draft" and URL: https://propertypoint.co.ke/?p=19220, triggered by action: save_post 
[2025-07-15 11:27:49 : INFO] - Cache for all archives page associated with post_type: post and Title: "Auto Draft" have been purged, triggered by action: save_post 
[2025-07-16 15:38:05 : INFO] - Cache for URL: https://propertypoint.co.ke/?p=19221 has been purged, triggered by action: save_post 
[2025-07-16 15:38:05 : INFO] - Cache for blog post has been purged due to updates to post with Title: "Auto Draft" and URL: https://propertypoint.co.ke/?p=19221, triggered by action: save_post 
[2025-07-16 15:38:05 : INFO] - Cache for all archives page associated with post_type: post and Title: "Auto Draft" have been purged, triggered by action: save_post 
[2025-07-16 15:47:00 : INFO] - Cache for term page with URL: https://propertypoint.co.ke/property-type/office/  have been purged, triggered by action: edit_terms 
[2025-07-16 15:47:00 : INFO] - Cache for associated posts for term with URL: https://propertypoint.co.ke/property-type/office/ have been purged, triggered by action: edit_terms 
[2025-07-16 15:47:41 : INFO] - Cache for term page with URL: https://propertypoint.co.ke/property-type/plot/  have been purged, triggered by action: edit_terms 
[2025-07-16 15:47:41 : INFO] - Cache for associated posts for term with URL: https://propertypoint.co.ke/property-type/plot/ have been purged, triggered by action: edit_terms 
[2025-07-16 15:47:46 : INFO] - Cache for term page with URL: https://propertypoint.co.ke/property-type/plot/  have been purged, triggered by action: edit_terms 
[2025-07-16 15:47:46 : INFO] - Cache for associated posts for term with URL: https://propertypoint.co.ke/property-type/plot/ have been purged, triggered by action: edit_terms 
[2025-07-16 15:47:53 : INFO] - Cache for term page with URL: https://propertypoint.co.ke/property-type/office/  have been purged, triggered by action: edit_terms 
[2025-07-16 15:47:53 : INFO] - Cache for associated posts for term with URL: https://propertypoint.co.ke/property-type/office/ have been purged, triggered by action: edit_terms 
[2025-07-16 15:48:43 : INFO] - Cache for term page with URL: https://propertypoint.co.ke/property-type/apartment/  have been purged, triggered by action: edit_terms 
[2025-07-16 15:48:43 : INFO] - Cache for associated posts for term with URL: https://propertypoint.co.ke/property-type/apartment/ have been purged, triggered by action: edit_terms 
[2025-07-16 16:44:23 : INFO] - Cache for URL: https://propertypoint.co.ke/?page_id=19222 has been purged, triggered by action: save_post 
[2025-07-16 16:44:46 : INFO] - Cache for URL: https://propertypoint.co.ke/?page_id=19222 has been purged, triggered by action: save_post 
[2025-07-16 16:44:48 : INFO] - Cache for URL: https://propertypoint.co.ke/?page_id=19222 has been purged, triggered by action: save_post 
[2025-07-16 17:27:13 : INFO] - Cache for URL: https://propertypoint.co.ke/?page_id=19225 has been purged, triggered by action: save_post 
[2025-07-16 17:30:11 : INFO] - Cache for URL: https://propertypoint.co.ke/commercial-3/ has been purged, triggered by action: save_post 
[2025-07-16 17:30:13 : INFO] - Cache for URL: https://propertypoint.co.ke/commercial-3/ has been purged, triggered by action: save_post 
[2025-07-16 17:31:52 : INFO] - Cache for URL: https://propertypoint.co.ke/commercial-3/ has been purged, triggered by action: save_post 
[2025-07-16 17:31:52 : INFO] - Cache for URL: https://propertypoint.co.ke/commercial-3/ has been purged, triggered by action: save_post 
[2025-07-16 17:31:52 : INFO] - Cache for URL: https://propertypoint.co.ke/commercial-3/ has been purged, triggered by action: save_post 
[2025-07-16 17:33:51 : INFO] - Cache for URL: https://propertypoint.co.ke/commercial-3/ has been purged, triggered by action: save_post 
[2025-07-16 17:33:53 : INFO] - Cache for URL: https://propertypoint.co.ke/commercial-3/ has been purged, triggered by action: save_post 
[2025-07-16 17:35:31 : INFO] - Cache for URL: https://propertypoint.co.ke/?elementor_library=default-kit has been purged, triggered by action: save_post 
[2025-07-16 17:35:31 : INFO] - Cache for URL: https://propertypoint.co.ke/?elementor_library=default-kit has been purged, triggered by action: save_post 
[2025-07-16 17:35:31 : INFO] - Cache for URL: https://propertypoint.co.ke/?elementor_library=default-kit has been purged, triggered by action: save_post 
[2025-07-16 17:35:39 : INFO] - Cache for URL: https://propertypoint.co.ke/?elementor_library=default-kit has been purged, triggered by action: save_post 
[2025-07-16 17:35:39 : INFO] - Cache for URL: https://propertypoint.co.ke/?elementor_library=default-kit has been purged, triggered by action: save_post 
[2025-07-16 17:35:39 : INFO] - Cache for URL: https://propertypoint.co.ke/?elementor_library=default-kit has been purged, triggered by action: save_post 
[2025-07-16 17:35:53 : INFO] - Cache for URL: https://propertypoint.co.ke/?elementor_library=default-kit has been purged, triggered by action: save_post 
[2025-07-16 17:35:53 : INFO] - Cache for URL: https://propertypoint.co.ke/?elementor_library=default-kit has been purged, triggered by action: save_post 
[2025-07-16 17:35:53 : INFO] - Cache for URL: https://propertypoint.co.ke/?elementor_library=default-kit has been purged, triggered by action: save_post 
[2025-07-16 17:36:04 : INFO] - Cache for URL: https://propertypoint.co.ke/?elementor_library=default-kit has been purged, triggered by action: save_post 
[2025-07-16 17:36:04 : INFO] - Cache for URL: https://propertypoint.co.ke/?elementor_library=default-kit has been purged, triggered by action: save_post 
[2025-07-16 17:36:04 : INFO] - Cache for URL: https://propertypoint.co.ke/?elementor_library=default-kit has been purged, triggered by action: save_post 
[2025-07-16 17:44:29 : INFO] - Cache for URL: https://propertypoint.co.ke/?page_id=5350 has been purged, triggered by action: wp_trash_post 
[2025-07-16 17:44:29 : INFO] - Cache for URL: https://propertypoint.co.ke/?page_id=5350 has been purged, triggered by action: save_post 
[2025-07-16 17:44:39 : INFO] - Cache for URL: https://propertypoint.co.ke/?page_id=19222 has been purged, triggered by action: wp_trash_post 
[2025-07-16 17:44:39 : INFO] - Cache for URL: https://propertypoint.co.ke/?page_id=19222 has been purged, triggered by action: save_post 
[2025-07-16 17:46:46 : INFO] - Cache for URL: https://propertypoint.co.ke/commercial-3/ has been purged, triggered by action: save_post 
[2025-07-16 17:46:46 : INFO] - Cache for URL: https://propertypoint.co.ke/commercial-3/ has been purged, triggered by action: save_post 
[2025-07-16 17:46:47 : INFO] - Cache for URL: https://propertypoint.co.ke/commercial-3/ has been purged, triggered by action: save_post 
[2025-07-16 17:48:50 : INFO] - Cache for URL: https://propertypoint.co.ke/commercial-properties/ has been purged, triggered by action: save_post 
[2025-07-16 17:49:42 : INFO] - Cache for URL: https://propertypoint.co.ke/?page_id=19239 has been purged, triggered by action: save_post 
[2025-07-16 17:50:11 : INFO] - Cache for URL: https://propertypoint.co.ke/residential-properties/ has been purged, triggered by action: save_post 
[2025-07-16 17:50:13 : INFO] - Cache for URL: https://propertypoint.co.ke/residential-properties/ has been purged, triggered by action: save_post 
[2025-07-16 17:53:03 : INFO] - Cache for URL: https://propertypoint.co.ke/residential-properties-draft/ has been purged, triggered by action: wp_trash_post 
[2025-07-16 17:53:03 : INFO] - Cache for URL: https://propertypoint.co.ke/?page_id=19133 has been purged, triggered by action: save_post 
[2025-07-16 17:56:33 : INFO] - Cache for URL: https://propertypoint.co.ke/properties/ has been purged, triggered by action: save_post 
[2025-07-16 17:56:33 : INFO] - Cache for URL: https://propertypoint.co.ke/properties/ has been purged, triggered by action: save_post 
[2025-07-16 17:56:33 : INFO] - Cache for URL: https://propertypoint.co.ke/properties/ has been purged, triggered by action: save_post 
[2025-07-16 18:01:27 : INFO] - Cache for URL: https://propertypoint.co.ke/properties/ has been purged, triggered by action: save_post 
[2025-07-16 18:01:27 : INFO] - Cache for URL: https://propertypoint.co.ke/properties/ has been purged, triggered by action: save_post 
[2025-07-16 18:01:27 : INFO] - Cache for URL: https://propertypoint.co.ke/properties/ has been purged, triggered by action: save_post 
[2025-07-16 18:02:51 : INFO] - Cache for URL: https://propertypoint.co.ke/properties/ has been purged, triggered by action: save_post 
[2025-07-16 18:02:51 : INFO] - Cache for URL: https://propertypoint.co.ke/properties/ has been purged, triggered by action: save_post 
[2025-07-16 18:02:52 : INFO] - Cache for URL: https://propertypoint.co.ke/properties/ has been purged, triggered by action: save_post 
[2025-07-16 18:03:42 : INFO] - Cache for URL: https://propertypoint.co.ke/properties/ has been purged, triggered by action: save_post 
[2025-07-16 18:03:42 : INFO] - Cache for URL: https://propertypoint.co.ke/properties/ has been purged, triggered by action: save_post 
[2025-07-16 18:03:42 : INFO] - Cache for URL: https://propertypoint.co.ke/properties/ has been purged, triggered by action: save_post 
[2025-07-16 18:05:12 : INFO] - Cache for URL: https://propertypoint.co.ke/properties2/ has been purged, triggered by action: save_post 
[2025-07-16 18:06:00 : INFO] - Cache for URL: https://propertypoint.co.ke/?page_id=19255 has been purged, triggered by action: save_post 
[2025-07-16 18:08:33 : INFO] - Cache for URL: https://propertypoint.co.ke/all-properties/ has been purged, triggered by action: save_post 
[2025-07-16 18:08:35 : INFO] - Cache for URL: https://propertypoint.co.ke/all-properties/ has been purged, triggered by action: save_post 
[2025-07-16 18:09:13 : INFO] - Cache for URL: https://propertypoint.co.ke/all-properties/ has been purged, triggered by action: save_post 
[2025-07-16 18:09:13 : INFO] - Cache for URL: https://propertypoint.co.ke/all-properties/ has been purged, triggered by action: save_post 
[2025-07-16 18:09:13 : INFO] - Cache for URL: https://propertypoint.co.ke/all-properties/ has been purged, triggered by action: save_post 
[2025-07-16 18:14:35 : INFO] - Cache for URL: https://propertypoint.co.ke/all-properties/ has been purged, triggered by action: save_post 
[2025-07-16 18:14:35 : INFO] - Cache for URL: https://propertypoint.co.ke/all-properties/ has been purged, triggered by action: save_post 
[2025-07-16 18:14:35 : INFO] - Cache for URL: https://propertypoint.co.ke/all-properties/ has been purged, triggered by action: save_post 
[2025-07-16 18:15:13 : INFO] - Cache for URL: https://propertypoint.co.ke/all-properties/ has been purged, triggered by action: save_post 
[2025-07-16 18:15:13 : INFO] - Cache for URL: https://propertypoint.co.ke/all-properties/ has been purged, triggered by action: save_post 
[2025-07-16 18:15:14 : INFO] - Cache for URL: https://propertypoint.co.ke/all-properties/ has been purged, triggered by action: save_post 
[2025-07-16 18:15:37 : INFO] - Cache for URL: https://propertypoint.co.ke/all-properties/ has been purged, triggered by action: save_post 
[2025-07-16 18:15:37 : INFO] - Cache for URL: https://propertypoint.co.ke/all-properties/ has been purged, triggered by action: save_post 
[2025-07-16 18:15:37 : INFO] - Cache for URL: https://propertypoint.co.ke/all-properties/ has been purged, triggered by action: save_post 
[2025-07-16 18:17:21 : INFO] - Cache for URL: https://propertypoint.co.ke/all-properties/ has been purged, triggered by action: save_post 
[2025-07-16 18:17:21 : INFO] - Cache for URL: https://propertypoint.co.ke/all-properties/ has been purged, triggered by action: save_post 
[2025-07-16 18:17:21 : INFO] - Cache for URL: https://propertypoint.co.ke/all-properties/ has been purged, triggered by action: save_post 
[2025-07-16 18:17:39 : INFO] - Cache for URL: https://propertypoint.co.ke/?p=19273 has been purged, triggered by action: save_post 
[2025-07-16 18:17:39 : INFO] - Cache for blog post has been purged due to updates to post with Title: "Auto Draft" and URL: https://propertypoint.co.ke/?p=19273, triggered by action: save_post 
[2025-07-16 18:17:39 : INFO] - Cache for all archives page associated with post_type: post and Title: "Auto Draft" have been purged, triggered by action: save_post 
[2025-07-16 18:19:10 : INFO] - Cache for URL: https://propertypoint.co.ke/000-all-properties/ has been purged, triggered by action: save_post 
[2025-07-16 18:19:15 : INFO] - Cache for URL: https://propertypoint.co.ke/000-all-properties/ has been purged, triggered by action: wp_trash_post 
[2025-07-16 18:19:15 : INFO] - Cache for URL: https://propertypoint.co.ke/?page_id=19255 has been purged, triggered by action: save_post 
[2025-07-16 18:19:30 : INFO] - Cache for URL: https://propertypoint.co.ke/?page_id=19275 has been purged, triggered by action: save_post 
[2025-07-16 18:20:21 : INFO] - Cache for URL: https://propertypoint.co.ke/?page_id=19275 has been purged, triggered by action: save_post 
[2025-07-16 18:20:23 : INFO] - Cache for URL: https://propertypoint.co.ke/?page_id=19275 has been purged, triggered by action: save_post 
[2025-07-16 18:21:39 : INFO] - Cache for URL: https://propertypoint.co.ke/all-properties/ has been purged, triggered by action: save_post 
[2025-07-16 18:21:42 : INFO] - Cache for URL: https://propertypoint.co.ke/all-properties/ has been purged, triggered by action: save_post 
[2025-07-16 18:23:46 : INFO] - Cache for URL: https://propertypoint.co.ke/all-properties/ has been purged, triggered by action: save_post 
[2025-07-16 18:23:48 : INFO] - Cache for URL: https://propertypoint.co.ke/all-properties/ has been purged, triggered by action: save_post 
[2025-07-16 18:26:27 : INFO] - Cache for URL: https://propertypoint.co.ke/all-properties/ has been purged, triggered by action: save_post 
[2025-07-16 18:26:29 : INFO] - Cache for URL: https://propertypoint.co.ke/all-properties/ has been purged, triggered by action: save_post 
[2025-07-16 18:26:46 : INFO] - Cache for URL: https://propertypoint.co.ke/all-properties/ has been purged, triggered by action: save_post 
[2025-07-16 18:26:48 : INFO] - Cache for URL: https://propertypoint.co.ke/all-properties/ has been purged, triggered by action: save_post 
[2025-07-16 18:27:05 : INFO] - Cache for URL: https://propertypoint.co.ke/all-properties/ has been purged, triggered by action: save_post 
[2025-07-16 18:27:07 : INFO] - Cache for URL: https://propertypoint.co.ke/all-properties/ has been purged, triggered by action: save_post 
[2025-07-16 18:27:38 : INFO] - Cache for URL: https://propertypoint.co.ke/all-properties/ has been purged, triggered by action: save_post 
[2025-07-16 18:27:39 : INFO] - Cache for URL: https://propertypoint.co.ke/all-properties/ has been purged, triggered by action: save_post 
[2025-07-16 18:28:27 : INFO] - Cache for URL: https://propertypoint.co.ke/all-properties/ has been purged, triggered by action: save_post 
[2025-07-16 18:28:29 : INFO] - Cache for URL: https://propertypoint.co.ke/all-properties/ has been purged, triggered by action: save_post 
[2025-07-16 18:29:23 : INFO] - Cache for URL: https://propertypoint.co.ke/all-properties/ has been purged, triggered by action: save_post 
[2025-07-16 18:29:26 : INFO] - Cache for URL: https://propertypoint.co.ke/all-properties/ has been purged, triggered by action: save_post 
[2025-07-16 18:29:50 : INFO] - Cache for URL: https://propertypoint.co.ke/all-properties/ has been purged, triggered by action: save_post 
[2025-07-16 18:29:52 : INFO] - Cache for URL: https://propertypoint.co.ke/all-properties/ has been purged, triggered by action: save_post 
[2025-07-16 18:36:48 : INFO] - Cache for URL: https://propertypoint.co.ke/all-properties/ has been purged, triggered by action: save_post 
[2025-07-16 18:36:48 : INFO] - Cache for URL: https://propertypoint.co.ke/all-properties/ has been purged, triggered by action: save_post 
[2025-07-16 18:36:48 : INFO] - Cache for URL: https://propertypoint.co.ke/all-properties/ has been purged, triggered by action: save_post 
[2025-07-16 18:38:03 : INFO] - Cache for URL: https://propertypoint.co.ke/all-properties/ has been purged, triggered by action: save_post 
[2025-07-16 18:38:03 : INFO] - Cache for URL: https://propertypoint.co.ke/all-properties/ has been purged, triggered by action: save_post 
[2025-07-16 18:38:03 : INFO] - Cache for URL: https://propertypoint.co.ke/all-properties/ has been purged, triggered by action: save_post 
[2025-07-16 18:38:56 : INFO] - Cache for URL: https://propertypoint.co.ke/all-properties/ has been purged, triggered by action: save_post 
[2025-07-16 18:38:56 : INFO] - Cache for URL: https://propertypoint.co.ke/all-properties/ has been purged, triggered by action: save_post 
[2025-07-16 18:38:56 : INFO] - Cache for URL: https://propertypoint.co.ke/all-properties/ has been purged, triggered by action: save_post 
[2025-07-16 18:39:32 : INFO] - Cache for URL: https://propertypoint.co.ke/all-properties/ has been purged, triggered by action: save_post 
[2025-07-16 18:39:32 : INFO] - Cache for URL: https://propertypoint.co.ke/all-properties/ has been purged, triggered by action: save_post 
[2025-07-16 18:39:32 : INFO] - Cache for URL: https://propertypoint.co.ke/all-properties/ has been purged, triggered by action: save_post 
[2025-07-16 18:40:09 : INFO] - Cache for URL: https://propertypoint.co.ke/all-properties/ has been purged, triggered by action: save_post 
[2025-07-16 18:40:09 : INFO] - Cache for URL: https://propertypoint.co.ke/all-properties/ has been purged, triggered by action: save_post 
[2025-07-16 18:40:10 : INFO] - Cache for URL: https://propertypoint.co.ke/all-properties/ has been purged, triggered by action: save_post 
[2025-07-16 18:42:25 : INFO] - Cache for URL: https://propertypoint.co.ke/all-properties/ has been purged, triggered by action: save_post 
[2025-07-16 18:42:25 : INFO] - Cache for URL: https://propertypoint.co.ke/all-properties/ has been purged, triggered by action: save_post 
[2025-07-16 18:42:25 : INFO] - Cache for URL: https://propertypoint.co.ke/all-properties/ has been purged, triggered by action: save_post 
[2025-07-16 18:45:08 : INFO] - Cache for URL: https://propertypoint.co.ke/all-properties/ has been purged, triggered by action: save_post 
[2025-07-16 18:45:08 : INFO] - Cache for URL: https://propertypoint.co.ke/all-properties/ has been purged, triggered by action: save_post 
[2025-07-16 18:45:08 : INFO] - Cache for URL: https://propertypoint.co.ke/all-properties/ has been purged, triggered by action: save_post 
[2025-07-16 18:46:36 : INFO] - Cache for URL: https://propertypoint.co.ke/all-properties/ has been purged, triggered by action: save_post 
[2025-07-16 18:46:36 : INFO] - Cache for URL: https://propertypoint.co.ke/all-properties/ has been purged, triggered by action: save_post 
[2025-07-16 18:46:36 : INFO] - Cache for URL: https://propertypoint.co.ke/all-properties/ has been purged, triggered by action: save_post 
[2025-07-16 18:48:39 : INFO] - Cache for URL: https://propertypoint.co.ke/all-properties/ has been purged, triggered by action: save_post 
[2025-07-16 18:48:39 : INFO] - Cache for URL: https://propertypoint.co.ke/all-properties/ has been purged, triggered by action: save_post 
[2025-07-16 18:48:39 : INFO] - Cache for URL: https://propertypoint.co.ke/all-properties/ has been purged, triggered by action: save_post 
[2025-07-16 18:50:03 : INFO] - Cache for URL: https://propertypoint.co.ke/all-properties/ has been purged, triggered by action: save_post 
[2025-07-21 04:33:52 : INFO] - Cache for URL: https://propertypoint.co.ke/knowledge-hub/ has been purged, triggered by action: save_post 
[2025-07-21 04:33:52 : INFO] - Cache for URL: https://propertypoint.co.ke/knowledge-hub/ has been purged, triggered by action: save_post 
[2025-07-21 04:33:52 : INFO] - Cache for URL: https://propertypoint.co.ke/knowledge-hub/ has been purged, triggered by action: save_post 
[2025-07-21 04:37:42 : INFO] - Cache for URL: https://propertypoint.co.ke/knowledge-hub/ has been purged, triggered by action: save_post 
[2025-07-21 04:37:42 : INFO] - Cache for URL: https://propertypoint.co.ke/knowledge-hub/ has been purged, triggered by action: save_post 
[2025-07-21 04:37:42 : INFO] - Cache for URL: https://propertypoint.co.ke/knowledge-hub/ has been purged, triggered by action: save_post 
[2025-07-21 04:38:02 : INFO] - Cache for URL: https://propertypoint.co.ke/knowledge-hub/ has been purged, triggered by action: save_post 
[2025-07-21 04:38:02 : INFO] - Cache for URL: https://propertypoint.co.ke/knowledge-hub/ has been purged, triggered by action: save_post 
[2025-07-21 04:38:02 : INFO] - Cache for URL: https://propertypoint.co.ke/knowledge-hub/ has been purged, triggered by action: save_post 
[2025-07-21 04:40:02 : INFO] - Cache for URL: https://propertypoint.co.ke/knowledge-hub/ has been purged, triggered by action: save_post 
[2025-07-21 04:40:02 : INFO] - Cache for URL: https://propertypoint.co.ke/knowledge-hub/ has been purged, triggered by action: save_post 
[2025-07-21 04:40:03 : INFO] - Cache for URL: https://propertypoint.co.ke/knowledge-hub/ has been purged, triggered by action: save_post 
[2025-07-21 04:40:51 : INFO] - Cache for URL: https://propertypoint.co.ke/knowledge-hub/ has been purged, triggered by action: save_post 
[2025-07-21 04:40:51 : INFO] - Cache for URL: https://propertypoint.co.ke/knowledge-hub/ has been purged, triggered by action: save_post 
[2025-07-21 04:40:51 : INFO] - Cache for URL: https://propertypoint.co.ke/knowledge-hub/ has been purged, triggered by action: save_post 
[2025-07-21 04:41:43 : INFO] - Cache for URL: https://propertypoint.co.ke/knowledge-hub/ has been purged, triggered by action: save_post 
[2025-07-21 04:41:43 : INFO] - Cache for URL: https://propertypoint.co.ke/knowledge-hub/ has been purged, triggered by action: save_post 
[2025-07-21 04:41:44 : INFO] - Cache for URL: https://propertypoint.co.ke/knowledge-hub/ has been purged, triggered by action: save_post 
[2025-07-21 04:42:37 : INFO] - Cache for URL: https://propertypoint.co.ke/knowledge-hub/ has been purged, triggered by action: save_post 
[2025-07-21 04:42:38 : INFO] - Cache for URL: https://propertypoint.co.ke/knowledge-hub/ has been purged, triggered by action: save_post 
[2025-07-21 04:42:38 : INFO] - Cache for URL: https://propertypoint.co.ke/knowledge-hub/ has been purged, triggered by action: save_post 
[2025-07-21 04:44:23 : INFO] - Cache for URL: https://propertypoint.co.ke/knowledge-hub/ has been purged, triggered by action: save_post 
[2025-07-21 04:44:23 : INFO] - Cache for URL: https://propertypoint.co.ke/knowledge-hub/ has been purged, triggered by action: save_post 
[2025-07-21 04:44:24 : INFO] - Cache for URL: https://propertypoint.co.ke/knowledge-hub/ has been purged, triggered by action: save_post 
[2025-07-28 06:49:41 : INFO] - Cache for URL: https://propertypoint.co.ke/?p=19333 has been purged, triggered by action: save_post 
[2025-07-28 06:49:41 : INFO] - Cache for blog post has been purged due to updates to post with Title: "Auto Draft" and URL: https://propertypoint.co.ke/?p=19333, triggered by action: save_post 
[2025-07-28 06:49:41 : INFO] - Cache for all archives page associated with post_type: post and Title: "Auto Draft" have been purged, triggered by action: save_post 
[2025-07-28 06:55:47 : INFO] - Cache for URL: https://propertypoint.co.ke/?p=19334 has been purged, triggered by action: save_post 
[2025-07-28 06:55:47 : INFO] - Cache for blog post has been purged due to updates to post with Title: "Auto Draft" and URL: https://propertypoint.co.ke/?p=19334, triggered by action: save_post 
[2025-07-28 06:55:47 : INFO] - Cache for all archives page associated with post_type: post and Title: "Auto Draft" have been purged, triggered by action: save_post 
[2025-07-28 06:56:45 : INFO] - Cache for URL: https://propertypoint.co.ke/?p=19335 has been purged, triggered by action: save_post 
[2025-07-28 06:56:45 : INFO] - Cache for blog post has been purged due to updates to post with Title: "Auto Draft" and URL: https://propertypoint.co.ke/?p=19335, triggered by action: save_post 
[2025-07-28 06:56:45 : INFO] - Cache for all archives page associated with post_type: post and Title: "Auto Draft" have been purged, triggered by action: save_post 
[2025-07-28 07:06:19 : INFO] - Cache for URL: https://propertypoint.co.ke/?p=19336 has been purged, triggered by action: save_post 
[2025-07-28 07:06:19 : INFO] - Cache for blog post has been purged due to updates to post with Title: "Auto Draft" and URL: https://propertypoint.co.ke/?p=19336, triggered by action: save_post 
[2025-07-28 07:06:19 : INFO] - Cache for all archives page associated with post_type: post and Title: "Auto Draft" have been purged, triggered by action: save_post 
[2025-08-07 12:26:28 : INFO] - Cache for URL: https://propertypoint.co.ke/?p=19337 has been purged, triggered by action: save_post 
[2025-08-07 12:26:28 : INFO] - Cache for blog post has been purged due to updates to post with Title: "Auto Draft" and URL: https://propertypoint.co.ke/?p=19337, triggered by action: save_post 
[2025-08-07 12:26:28 : INFO] - Cache for all archives page associated with post_type: post and Title: "Auto Draft" have been purged, triggered by action: save_post 
[2025-09-12 07:45:52 : INFO] - Cache for URL: https://propertypoint.co.ke/?p=19338 has been purged, triggered by action: save_post 
[2025-09-12 07:45:52 : INFO] - Cache for blog post has been purged due to updates to post with Title: "Auto Draft" and URL: https://propertypoint.co.ke/?p=19338, triggered by action: save_post 
[2025-09-12 07:45:52 : INFO] - Cache for all archives page associated with post_type: post and Title: "Auto Draft" have been purged, triggered by action: save_post 
[2025-09-19 08:44:15 : INFO] - Cache for URL: https://propertypoint.co.ke/?p=19339 has been purged, triggered by action: save_post 
[2025-09-19 08:44:15 : INFO] - Cache for blog post has been purged due to updates to post with Title: "Auto Draft" and URL: https://propertypoint.co.ke/?p=19339, triggered by action: save_post 
[2025-09-19 08:44:15 : INFO] - Cache for all archives page associated with post_type: post and Title: "Auto Draft" have been purged, triggered by action: save_post 
[2025-11-18 11:04:44 : INFO] - Cache for URL: https://propertypoint.co.ke/?p=19340 has been purged, triggered by action: save_post 
[2025-11-18 11:04:44 : INFO] - Cache for blog post has been purged due to updates to post with Title: "Auto Draft" and URL: https://propertypoint.co.ke/?p=19340, triggered by action: save_post 
[2025-11-18 11:04:44 : INFO] - Cache for all archives page associated with post_type: post and Title: "Auto Draft" have been purged, triggered by action: save_post 
[2025-11-19 07:02:38 : INFO] - Cache for URL: https://propertypoint.co.ke/?p=19341 has been purged, triggered by action: save_post 
[2025-11-19 07:02:38 : INFO] - Cache for blog post has been purged due to updates to post with Title: "Auto Draft" and URL: https://propertypoint.co.ke/?p=19341, triggered by action: save_post 
[2025-11-19 07:02:38 : INFO] - Cache for all archives page associated with post_type: post and Title: "Auto Draft" have been purged, triggered by action: save_post 
[2025-11-19 07:58:38 : INFO] - Cache for URL: https://propertypoint.co.ke/?p=19342 has been purged, triggered by action: save_post 
[2025-11-19 07:58:38 : INFO] - Cache for blog post has been purged due to updates to post with Title: "Auto Draft" and URL: https://propertypoint.co.ke/?p=19342, triggered by action: save_post 
[2025-11-19 07:58:38 : INFO] - Cache for all archives page associated with post_type: post and Title: "Auto Draft" have been purged, triggered by action: save_post 
[2025-11-19 08:17:26 : INFO] - Cache for URL: https://propertypoint.co.ke/?p=19343 has been purged, triggered by action: save_post 
[2025-11-19 08:17:26 : INFO] - Cache for blog post has been purged due to updates to post with Title: "Auto Draft" and URL: https://propertypoint.co.ke/?p=19343, triggered by action: save_post 
[2025-11-19 08:17:26 : INFO] - Cache for all archives page associated with post_type: post and Title: "Auto Draft" have been purged, triggered by action: save_post 
[2025-11-21 11:27:15 : INFO] - Cache for URL: https://propertypoint.co.ke/?post_type=property&p=19349 has been purged, triggered by action: save_post 
[2025-11-21 11:27:15 : INFO] - Cache for archive page associated with post_type: property and Title: "Elizaphan Plaza" has been purged, triggered by action: save_post 
[2025-11-21 11:27:15 : INFO] - Cache for multiple term taxonomy have been purged due to post terms update, triggered by action: set_object_terms 
[2025-11-21 11:27:15 : INFO] - Cache for multiple term taxonomy have been purged due to post terms update, triggered by action: set_object_terms 
[2025-11-21 11:27:15 : INFO] - Cache for multiple term taxonomy have been purged due to post terms update, triggered by action: set_object_terms 
[2025-11-21 11:27:15 : INFO] - Cache for multiple term taxonomy have been purged due to post terms update, triggered by action: set_object_terms 
[2025-11-21 11:27:15 : INFO] - Cache for multiple term taxonomy have been purged due to post terms update, triggered by action: set_object_terms 
[2025-11-21 11:27:15 : INFO] - Cache for multiple term taxonomy have been purged due to post terms update, triggered by action: set_object_terms 
[2025-11-21 11:27:45 : INFO] - Cache for URL: https://propertypoint.co.ke/property/elizaphan-plaza/ has been purged, triggered by action: save_post 
[2025-11-21 11:27:45 : INFO] - Cache for archive page associated with post_type: property and Title: "Elizaphan Plaza" has been purged, triggered by action: save_post 
[2025-11-25 07:21:17 : INFO] - Cache for URL: https://propertypoint.co.ke/?p=19351 has been purged, triggered by action: save_post 
[2025-11-25 07:21:17 : INFO] - Cache for blog post has been purged due to updates to post with Title: "Auto Draft" and URL: https://propertypoint.co.ke/?p=19351, triggered by action: save_post 
[2025-11-25 07:21:17 : INFO] - Cache for all archives page associated with post_type: post and Title: "Auto Draft" have been purged, triggered by action: save_post 
[2025-11-27 05:46:11 : INFO] - Cache for URL: https://propertypoint.co.ke/?p=19352 has been purged, triggered by action: save_post 
[2025-11-27 05:46:11 : INFO] - Cache for blog post has been purged due to updates to post with Title: "Auto Draft" and URL: https://propertypoint.co.ke/?p=19352, triggered by action: save_post 
[2025-11-27 05:46:11 : INFO] - Cache for all archives page associated with post_type: post and Title: "Auto Draft" have been purged, triggered by action: save_post 
[2025-11-28 06:54:55 : INFO] - Cache for URL: https://propertypoint.co.ke/?p=19353 has been purged, triggered by action: save_post 
[2025-11-28 06:54:55 : INFO] - Cache for blog post has been purged due to updates to post with Title: "Auto Draft" and URL: https://propertypoint.co.ke/?p=19353, triggered by action: save_post 
[2025-11-28 06:54:55 : INFO] - Cache for all archives page associated with post_type: post and Title: "Auto Draft" have been purged, triggered by action: save_post 
[2025-12-01 11:11:57 : INFO] - Cache for URL: https://propertypoint.co.ke/?p=19354 has been purged, triggered by action: save_post 
[2025-12-01 11:11:57 : INFO] - Cache for blog post has been purged due to updates to post with Title: "Auto Draft" and URL: https://propertypoint.co.ke/?p=19354, triggered by action: save_post 
[2025-12-01 11:11:57 : INFO] - Cache for all archives page associated with post_type: post and Title: "Auto Draft" have been purged, triggered by action: save_post 
[2025-12-02 08:24:29 : INFO] - Cache for URL: https://propertypoint.co.ke/?p=19355 has been purged, triggered by action: save_post 
[2025-12-02 08:24:29 : INFO] - Cache for blog post has been purged due to updates to post with Title: "Auto Draft" and URL: https://propertypoint.co.ke/?p=19355, triggered by action: save_post 
[2025-12-02 08:24:29 : INFO] - Cache for all archives page associated with post_type: post and Title: "Auto Draft" have been purged, triggered by action: save_post 
[2025-12-03 11:35:21 : INFO] - Cache for URL: https://propertypoint.co.ke/?p=19356 has been purged, triggered by action: save_post 
[2025-12-03 11:35:21 : INFO] - Cache for blog post has been purged due to updates to post with Title: "Auto Draft" and URL: https://propertypoint.co.ke/?p=19356, triggered by action: save_post 
[2025-12-03 11:35:21 : INFO] - Cache for all archives page associated with post_type: post and Title: "Auto Draft" have been purged, triggered by action: save_post 
[2025-12-04 03:07:43 : INFO] - Cache for URL: https://propertypoint.co.ke/?p=19357 has been purged, triggered by action: save_post 
[2025-12-04 03:07:43 : INFO] - Cache for blog post has been purged due to updates to post with Title: "Auto Draft" and URL: https://propertypoint.co.ke/?p=19357, triggered by action: save_post 
[2025-12-04 03:07:43 : INFO] - Cache for all archives page associated with post_type: post and Title: "Auto Draft" have been purged, triggered by action: save_post 
