[2025-06-17 10:50:59 : INFO] - Could not find file for image: ID=18612, file=/home/mike/propertypoint.co.ke/public/wp-content/uploads/2025/04/HF_Logo-e1738573498268_clear_png.png 
[2025-06-17 10:50:59 : INFO] - Could not find file for image: ID=18609, file=/home/mike/propertypoint.co.ke/public/wp-content/uploads/2025/04/463436373_978866510952310_5882379637011908555_n.jpg 
[2025-06-17 10:50:59 : INFO] - Could not find file for image: ID=18600, file=/home/mike/propertypoint.co.ke/public/wp-content/uploads/2025/04/Scheme-18_46-Photo.0dd83d97.jpg 
[2025-06-17 10:50:59 : INFO] - Could not find file for image: ID=18588, file=/home/mike/propertypoint.co.ke/public/wp-content/uploads/2025/04/bg_nairobi.png 
[2025-06-17 10:50:59 : INFO] - Could not find file for image: ID=16720, file=/home/mike/propertypoint.co.ke/public/wp-content/uploads/2020/02/bg-bw.jpg 
[2025-06-17 10:50:59 : INFO] - Could not find file for image: ID=16668, file=/home/mike/propertypoint.co.ke/public/wp-content/uploads/2020/02/donut-chart-1-1.png 
[2025-06-17 10:50:59 : INFO] - Could not find file for image: ID=16667, file=/home/mike/propertypoint.co.ke/public/wp-content/uploads/2020/02/shacking-hands-1.png 
[2025-06-17 10:50:59 : INFO] - Could not find file for image: ID=16666, file=/home/mike/propertypoint.co.ke/public/wp-content/uploads/2020/02/bar-chart-board-1.png 
[2025-06-17 10:50:59 : INFO] - Could not find file for image: ID=16665, file=/home/mike/propertypoint.co.ke/public/wp-content/uploads/2020/02/bar-chart-stats-up-1.png 
[2025-06-17 10:50:59 : INFO] - Could not find file for image: ID=16664, file=/home/mike/propertypoint.co.ke/public/wp-content/uploads/2020/02/people-1.png 
[2025-06-17 10:50:59 : INFO] - Could not find file for image: ID=16662, file=/home/mike/propertypoint.co.ke/public/wp-content/uploads/2020/02/balance.png 
[2025-06-17 10:50:59 : INFO] - Could not find file for image: ID=16661, file=/home/mike/propertypoint.co.ke/public/wp-content/uploads/2020/02/bar-chart-board.png 
[2025-06-17 10:50:59 : INFO] - Could not find file for image: ID=16660, file=/home/mike/propertypoint.co.ke/public/wp-content/uploads/2020/02/shacking-hands.png 
[2025-06-17 10:50:59 : INFO] - Could not find file for image: ID=16659, file=/home/mike/propertypoint.co.ke/public/wp-content/uploads/2020/02/bar-chart-stats-up.png 
[2025-06-17 10:50:59 : INFO] - Could not find file for image: ID=16658, file=/home/mike/propertypoint.co.ke/public/wp-content/uploads/2020/02/people.png 
[2025-06-17 10:50:59 : INFO] - Could not find file for image: ID=16657, file=/home/mike/propertypoint.co.ke/public/wp-content/uploads/2020/02/donut-chart-1.png 
[2025-06-17 10:50:59 : INFO] - Could not find file for image: ID=16574, file=/home/mike/propertypoint.co.ke/public/wp-content/uploads/2020/02/miami-beach.jpg 
[2025-06-17 10:50:59 : INFO] - Could not find file for image: ID=16575, file=/home/mike/propertypoint.co.ke/public/wp-content/uploads/2020/02/chicago.jpg 
[2025-06-17 10:50:59 : INFO] - Could not find file for image: ID=16576, file=/home/mike/propertypoint.co.ke/public/wp-content/uploads/2020/02/los-angeles-1.jpg 
[2025-06-17 10:50:59 : INFO] - Could not find file for image: ID=16546, file=/home/mike/propertypoint.co.ke/public/wp-content/uploads/2020/02/bg-marker-right.jpg 
[2025-06-17 10:50:59 : INFO] - Could not find file for image: ID=16543, file=/home/mike/propertypoint.co.ke/public/wp-content/uploads/2020/02/bg-blue.jpg 
[2025-06-17 10:50:59 : INFO] - Could not find file for image: ID=16493, file=/home/mike/propertypoint.co.ke/public/wp-content/uploads/2020/02/bg-marker-left.jpg 
[2025-06-17 10:50:59 : INFO] - Could not find file for image: ID=16109, file=/home/mike/propertypoint.co.ke/public/wp-content/uploads/2016/03/036.jpg 
[2025-06-17 10:50:59 : INFO] - Could not find file for image: ID=16108, file=/home/mike/propertypoint.co.ke/public/wp-content/uploads/2016/03/035.jpg 
[2025-06-17 10:50:59 : INFO] - Could not find file for image: ID=16107, file=/home/mike/propertypoint.co.ke/public/wp-content/uploads/2016/03/030.jpg 
[2025-06-17 10:50:59 : INFO] - Could not find file for image: ID=16106, file=/home/mike/propertypoint.co.ke/public/wp-content/uploads/2016/03/012.jpg 
[2025-06-17 10:50:59 : INFO] - Could not find file for image: ID=16105, file=/home/mike/propertypoint.co.ke/public/wp-content/uploads/2016/03/008.jpg 
[2025-06-17 10:50:59 : INFO] - Could not find file for image: ID=2801, file=/home/mike/propertypoint.co.ke/public/wp-content/uploads/2020/02/logo-houzez-color.png 
[2025-06-17 10:50:59 : INFO] - Could not find file for image: ID=16044, file=/home/mike/propertypoint.co.ke/public/wp-content/uploads/2016/02/Artboard-2team.jpg 
[2025-06-17 10:50:59 : INFO] - Could not find file for image: ID=15927, file=/home/mike/propertypoint.co.ke/public/wp-content/uploads/2020/02/08.png 
[2025-06-17 10:50:59 : INFO] - Could not find file for image: ID=15926, file=/home/mike/propertypoint.co.ke/public/wp-content/uploads/2020/02/07.png 
[2025-06-17 10:50:59 : INFO] - Could not find file for image: ID=15925, file=/home/mike/propertypoint.co.ke/public/wp-content/uploads/2020/02/06.png 
[2025-06-17 10:50:59 : INFO] - Could not find file for image: ID=15923, file=/home/mike/propertypoint.co.ke/public/wp-content/uploads/2020/02/04.png 
[2025-06-17 10:50:59 : INFO] - Could not find file for image: ID=15924, file=/home/mike/propertypoint.co.ke/public/wp-content/uploads/2020/02/05.png 
[2025-06-17 10:50:59 : INFO] - Could not find file for image: ID=15922, file=/home/mike/propertypoint.co.ke/public/wp-content/uploads/2020/02/03.png 
[2025-06-17 10:50:59 : INFO] - Could not find file for image: ID=15921, file=/home/mike/propertypoint.co.ke/public/wp-content/uploads/2020/02/02.png 
[2025-06-17 10:50:59 : INFO] - Could not find file for image: ID=15920, file=/home/mike/propertypoint.co.ke/public/wp-content/uploads/2020/02/01.png 
[2025-06-17 10:50:59 : INFO] - Could not find file for image: ID=4643, file=/home/mike/propertypoint.co.ke/public/wp-content/uploads/2017/01/preload.gif 
[2025-07-04 08:42:34 : INFO] - Re_Smush_It_Task with attachment ID : 19168, autocreated on : July 04, 2025 08:42:34 
[2025-07-04 08:43:00 : INFO] - Re_Smush_It_Task with attachment ID : 19169, autocreated on : July 04, 2025 08:43:00 
[2025-07-04 08:43:02 : INFO] - Re_Smush_It_Task with attachment ID : 19170, autocreated on : July 04, 2025 08:43:02 
[2025-07-04 08:43:05 : INFO] - Re_Smush_It_Task with attachment ID : 19171, autocreated on : July 04, 2025 08:43:05 
[2025-07-04 08:43:07 : INFO] - Re_Smush_It_Task with attachment ID : 19172, autocreated on : July 04, 2025 08:43:07 
[2025-07-04 08:47:42 : INFO] - A total of 5 tasks of type smush found and will be processed in this iteration 
[2025-07-04 08:47:42 : DEBUG] - Lock option (updraft_lock_smush, wp_options) was created in the database 
[2025-07-04 08:47:42 : INFO] - Lock (updraft_lock_smush, wp_options) acquired after initialising the database 
[2025-07-04 08:47:42 : INFO] - Processing task with ID : 365, and type 'smush' 
[2025-07-04 08:47:42 : INFO] - Re_Smush_It_Task with attachment ID : 19168, autocreated on : July 04, 2025 08:42:34 
[2025-07-04 08:47:42 : INFO] - File: dji_fly_20250113_143604_0674_1736772585917_photo.jpg, Compression quality: 92 
[2025-07-04 08:47:43 : INFO] - Backing up the original image - 2025/04/dji_fly_20250113_143604_0674_1736772585917_photo-updraft-pre-smush-original.jpg 
[2025-07-04 08:47:54 : INFO] - There were no WebP conversion tools found on your server. 
[2025-07-04 08:47:54 : INFO] - Successfully optimized the image - /var/www/html/public/wp-content/uploads/2025/04/dji_fly_20250113_143604_0674_1736772585917_photo.jpg.The file was compressed from 431.38 KB to 401.13 KB, saving 7.01 percent, using WP-Optimize 
[2025-07-04 08:47:54 : INFO] - Completed processing task with ID : 365, and type 'smush' 
[2025-07-04 08:47:54 : INFO] - Processing task with ID : 366, and type 'smush' 
[2025-07-04 08:47:54 : INFO] - Re_Smush_It_Task with attachment ID : 19169, autocreated on : July 04, 2025 08:43:00 
[2025-07-04 08:47:54 : INFO] - File: dji_fly_20250113_143620_0676_1736772585766_photo.jpg, Compression quality: 92 
[2025-07-04 08:47:56 : INFO] - Backing up the original image - 2025/04/dji_fly_20250113_143620_0676_1736772585766_photo-updraft-pre-smush-original.jpg 
[2025-07-04 08:48:07 : INFO] - There were no WebP conversion tools found on your server. 
[2025-07-04 08:48:07 : INFO] - Successfully optimized the image - /var/www/html/public/wp-content/uploads/2025/04/dji_fly_20250113_143620_0676_1736772585766_photo.jpg.The file was compressed from 427.04 KB to 397.23 KB, saving 6.98 percent, using WP-Optimize 
[2025-07-04 08:48:07 : INFO] - Completed processing task with ID : 366, and type 'smush' 
[2025-07-04 08:48:07 : INFO] - Processing task with ID : 367, and type 'smush' 
[2025-07-04 08:48:07 : INFO] - Re_Smush_It_Task with attachment ID : 19170, autocreated on : July 04, 2025 08:43:02 
[2025-07-04 08:48:07 : INFO] - File: dji_fly_20250113_143630_0677_1736772585700_photo.jpg, Compression quality: 92 
[2025-07-04 08:48:08 : INFO] - Backing up the original image - 2025/04/dji_fly_20250113_143630_0677_1736772585700_photo-updraft-pre-smush-original.jpg 
[2025-07-04 08:48:19 : INFO] - There were no WebP conversion tools found on your server. 
[2025-07-04 08:48:19 : INFO] - Successfully optimized the image - /var/www/html/public/wp-content/uploads/2025/04/dji_fly_20250113_143630_0677_1736772585700_photo.jpg.The file was compressed from 406.14 KB to 378.76 KB, saving 6.74 percent, using WP-Optimize 
[2025-07-04 08:48:19 : INFO] - Completed processing task with ID : 367, and type 'smush' 
[2025-07-04 08:48:19 : INFO] - Processing task with ID : 368, and type 'smush' 
[2025-07-04 08:48:19 : INFO] - Re_Smush_It_Task with attachment ID : 19171, autocreated on : July 04, 2025 08:43:05 
[2025-07-04 08:48:19 : INFO] - File: dji_fly_20250113_143550_0673_1736772585992_photo.jpg, Compression quality: 92 
[2025-07-04 08:48:21 : INFO] - Backing up the original image - 2025/04/dji_fly_20250113_143550_0673_1736772585992_photo-updraft-pre-smush-original.jpg 
[2025-07-04 08:48:32 : INFO] - There were no WebP conversion tools found on your server. 
[2025-07-04 08:48:32 : INFO] - Successfully optimized the image - /var/www/html/public/wp-content/uploads/2025/04/dji_fly_20250113_143550_0673_1736772585992_photo.jpg.The file was compressed from 407.20 KB to 379.09 KB, saving 6.9 percent, using WP-Optimize 
[2025-07-04 08:48:32 : INFO] - Completed processing task with ID : 368, and type 'smush' 
[2025-07-04 08:48:32 : INFO] - Processing task with ID : 369, and type 'smush' 
[2025-07-04 08:48:32 : INFO] - Re_Smush_It_Task with attachment ID : 19172, autocreated on : July 04, 2025 08:43:07 
[2025-07-04 08:48:32 : INFO] - File: dji_fly_20250113_143752_0679_1736772585533_photo.jpg, Compression quality: 92 
[2025-07-04 08:48:33 : INFO] - Backing up the original image - 2025/04/dji_fly_20250113_143752_0679_1736772585533_photo-updraft-pre-smush-original.jpg 
[2025-07-04 08:48:45 : INFO] - There were no WebP conversion tools found on your server. 
[2025-07-04 08:48:45 : INFO] - Successfully optimized the image - /var/www/html/public/wp-content/uploads/2025/04/dji_fly_20250113_143752_0679_1736772585533_photo.jpg.The file was compressed from 423.67 KB to 394.12 KB, saving 6.98 percent, using WP-Optimize 
[2025-07-04 08:48:45 : INFO] - Completed processing task with ID : 369, and type 'smush' 
[2025-07-04 08:48:45 : INFO] - Lock option (updraft_lock_smush, wp_options) released 
[2025-07-04 08:48:45 : INFO] - Successfully processed the queue (smush). 5 tasks were processed out of 5. 
[2025-07-04 08:48:45 : INFO] - Lock option (updraft_lock_smush, wp_options) was deleted from the database 
[2025-07-04 08:48:45 : INFO] - Cleaning up tasks of type (smush). A total of 5 tasks will be deleted. 
[2025-11-21 11:19:24 : INFO] - Re_Smush_It_Task with attachment ID : 19344, autocreated on : November 21, 2025 11:19:24 
[2025-11-21 11:19:29 : INFO] - Re_Smush_It_Task with attachment ID : 19345, autocreated on : November 21, 2025 11:19:29 
[2025-11-21 11:19:33 : INFO] - Re_Smush_It_Task with attachment ID : 19346, autocreated on : November 21, 2025 11:19:33 
[2025-11-21 11:19:37 : INFO] - Re_Smush_It_Task with attachment ID : 19347, autocreated on : November 21, 2025 11:19:37 
[2025-11-21 11:19:40 : INFO] - Re_Smush_It_Task with attachment ID : 19348, autocreated on : November 21, 2025 11:19:40 
[2025-11-21 11:24:26 : INFO] - A total of 5 tasks of type smush found and will be processed in this iteration 
[2025-11-21 11:24:26 : DEBUG] - Lock option (updraft_lock_smush, wp_options) was created in the database 
[2025-11-21 11:24:26 : INFO] - Lock (updraft_lock_smush, wp_options) acquired after initialising the database 
[2025-11-21 11:24:26 : INFO] - Processing task with ID : 716, and type 'smush' 
[2025-11-21 11:24:26 : INFO] - Re_Smush_It_Task with attachment ID : 19344, autocreated on : November 21, 2025 11:19:24 
[2025-11-21 11:24:26 : INFO] - File: Elizaphan-3.jpg, Compression quality: 92 
[2025-11-21 11:24:26 : INFO] - Backing up the original image - 2025/11/Elizaphan-3-updraft-pre-smush-original.jpg 
[2025-11-21 11:24:28 : INFO] - There were no WebP conversion tools found on your server. 
[2025-11-21 11:24:28 : INFO] - Successfully optimized the image - /var/www/html/public/wp-content/uploads/2025/11/Elizaphan-3.jpg.The file was compressed from 25.02 KB to 24.54 KB, saving 1.9 percent, using WP-Optimize 
[2025-11-21 11:24:28 : INFO] - Completed processing task with ID : 716, and type 'smush' 
[2025-11-21 11:24:28 : INFO] - Processing task with ID : 717, and type 'smush' 
[2025-11-21 11:24:28 : INFO] - Re_Smush_It_Task with attachment ID : 19345, autocreated on : November 21, 2025 11:19:29 
[2025-11-21 11:24:28 : INFO] - File: Elizaphan-1.jpg, Compression quality: 92 
[2025-11-21 11:24:29 : INFO] - Backing up the original image - 2025/11/Elizaphan-1-updraft-pre-smush-original.jpg 
[2025-11-21 11:24:36 : INFO] - There were no WebP conversion tools found on your server. 
[2025-11-21 11:24:36 : INFO] - Successfully optimized the image - /var/www/html/public/wp-content/uploads/2025/11/Elizaphan-1.jpg.The file was compressed from 122.96 KB to 119.20 KB, saving 3.06 percent, using WP-Optimize 
[2025-11-21 11:24:36 : INFO] - Completed processing task with ID : 717, and type 'smush' 
[2025-11-21 11:24:36 : INFO] - Processing task with ID : 718, and type 'smush' 
[2025-11-21 11:24:36 : INFO] - Re_Smush_It_Task with attachment ID : 19346, autocreated on : November 21, 2025 11:19:33 
[2025-11-21 11:24:36 : INFO] - File: Elizaphan-6.jpg, Compression quality: 92 
[2025-11-21 11:24:36 : INFO] - Backing up the original image - 2025/11/Elizaphan-6-updraft-pre-smush-original.jpg 
[2025-11-21 11:24:38 : INFO] - There were no WebP conversion tools found on your server. 
[2025-11-21 11:24:38 : INFO] - Successfully optimized the image - /var/www/html/public/wp-content/uploads/2025/11/Elizaphan-6.jpg.The file was compressed from 23.45 KB to 23.39 KB, saving 0.25 percent, using WP-Optimize 
[2025-11-21 11:24:38 : INFO] - Completed processing task with ID : 718, and type 'smush' 
[2025-11-21 11:24:38 : INFO] - Processing task with ID : 719, and type 'smush' 
[2025-11-21 11:24:38 : INFO] - Re_Smush_It_Task with attachment ID : 19347, autocreated on : November 21, 2025 11:19:37 
[2025-11-21 11:24:38 : INFO] - File: Elizaphan-2.jpg, Compression quality: 92 
[2025-11-21 11:24:38 : INFO] - Backing up the original image - 2025/11/Elizaphan-2-updraft-pre-smush-original.jpg 
[2025-11-21 11:24:40 : INFO] - There were no WebP conversion tools found on your server. 
[2025-11-21 11:24:40 : INFO] - Successfully optimized the image - /var/www/html/public/wp-content/uploads/2025/11/Elizaphan-2.jpg.The file was compressed from 22.62 KB to 22.24 KB, saving 1.68 percent, using WP-Optimize 
[2025-11-21 11:24:40 : INFO] - Completed processing task with ID : 719, and type 'smush' 
[2025-11-21 11:24:40 : INFO] - Processing task with ID : 720, and type 'smush' 
[2025-11-21 11:24:40 : INFO] - Re_Smush_It_Task with attachment ID : 19348, autocreated on : November 21, 2025 11:19:40 
[2025-11-21 11:24:40 : INFO] - File: Eizaphan-4.jpg, Compression quality: 92 
[2025-11-21 11:24:41 : INFO] - Backing up the original image - 2025/11/Eizaphan-4-updraft-pre-smush-original.jpg 
[2025-11-21 11:24:43 : INFO] - There were no WebP conversion tools found on your server. 
[2025-11-21 11:24:43 : INFO] - Successfully optimized the image - /var/www/html/public/wp-content/uploads/2025/11/Eizaphan-4.jpg.The file was compressed from 29.98 KB to 29.64 KB, saving 1.12 percent, using WP-Optimize 
[2025-11-21 11:24:43 : INFO] - Completed processing task with ID : 720, and type 'smush' 
[2025-11-21 11:24:43 : INFO] - Lock option (updraft_lock_smush, wp_options) released 
[2025-11-21 11:24:43 : INFO] - Successfully processed the queue (smush). 5 tasks were processed out of 5. 
[2025-11-21 11:24:43 : INFO] - Lock option (updraft_lock_smush, wp_options) was deleted from the database 
[2025-11-21 11:24:43 : INFO] - Cleaning up tasks of type (smush). A total of 5 tasks will be deleted. 
[2025-12-04 05:29:37 : INFO] - Could not find file for image: ID=18612, file=/var/www/html/public/wp-content/uploads/2025/04/HF_Logo-e1738573498268_clear_png.png 
[2025-12-04 05:29:37 : INFO] - Could not find file for image: ID=18609, file=/var/www/html/public/wp-content/uploads/2025/04/463436373_978866510952310_5882379637011908555_n.jpg 
[2025-12-04 05:29:37 : INFO] - Could not find file for image: ID=18600, file=/var/www/html/public/wp-content/uploads/2025/04/Scheme-18_46-Photo.0dd83d97.jpg 
[2025-12-04 05:29:37 : INFO] - Could not find file for image: ID=18588, file=/var/www/html/public/wp-content/uploads/2025/04/bg_nairobi.png 
[2025-12-04 05:29:37 : INFO] - Could not find file for image: ID=16720, file=/var/www/html/public/wp-content/uploads/2020/02/bg-bw.jpg 
[2025-12-04 05:29:37 : INFO] - Could not find file for image: ID=16668, file=/var/www/html/public/wp-content/uploads/2020/02/donut-chart-1-1.png 
[2025-12-04 05:29:37 : INFO] - Could not find file for image: ID=16667, file=/var/www/html/public/wp-content/uploads/2020/02/shacking-hands-1.png 
[2025-12-04 05:29:37 : INFO] - Could not find file for image: ID=16666, file=/var/www/html/public/wp-content/uploads/2020/02/bar-chart-board-1.png 
[2025-12-04 05:29:37 : INFO] - Could not find file for image: ID=16665, file=/var/www/html/public/wp-content/uploads/2020/02/bar-chart-stats-up-1.png 
[2025-12-04 05:29:37 : INFO] - Could not find file for image: ID=16664, file=/var/www/html/public/wp-content/uploads/2020/02/people-1.png 
[2025-12-04 05:29:37 : INFO] - Could not find file for image: ID=16662, file=/var/www/html/public/wp-content/uploads/2020/02/balance.png 
[2025-12-04 05:29:37 : INFO] - Could not find file for image: ID=16661, file=/var/www/html/public/wp-content/uploads/2020/02/bar-chart-board.png 
[2025-12-04 05:29:37 : INFO] - Could not find file for image: ID=16660, file=/var/www/html/public/wp-content/uploads/2020/02/shacking-hands.png 
[2025-12-04 05:29:37 : INFO] - Could not find file for image: ID=16659, file=/var/www/html/public/wp-content/uploads/2020/02/bar-chart-stats-up.png 
[2025-12-04 05:29:37 : INFO] - Could not find file for image: ID=16658, file=/var/www/html/public/wp-content/uploads/2020/02/people.png 
[2025-12-04 05:29:37 : INFO] - Could not find file for image: ID=16657, file=/var/www/html/public/wp-content/uploads/2020/02/donut-chart-1.png 
[2025-12-04 05:29:37 : INFO] - Could not find file for image: ID=16574, file=/var/www/html/public/wp-content/uploads/2020/02/miami-beach.jpg 
[2025-12-04 05:29:37 : INFO] - Could not find file for image: ID=16575, file=/var/www/html/public/wp-content/uploads/2020/02/chicago.jpg 
[2025-12-04 05:29:37 : INFO] - Could not find file for image: ID=16576, file=/var/www/html/public/wp-content/uploads/2020/02/los-angeles-1.jpg 
[2025-12-04 05:29:37 : INFO] - Could not find file for image: ID=16546, file=/var/www/html/public/wp-content/uploads/2020/02/bg-marker-right.jpg 
[2025-12-04 05:29:37 : INFO] - Could not find file for image: ID=16543, file=/var/www/html/public/wp-content/uploads/2020/02/bg-blue.jpg 
[2025-12-04 05:29:37 : INFO] - Could not find file for image: ID=16493, file=/var/www/html/public/wp-content/uploads/2020/02/bg-marker-left.jpg 
[2025-12-04 05:29:37 : INFO] - Could not find file for image: ID=16109, file=/var/www/html/public/wp-content/uploads/2016/03/036.jpg 
[2025-12-04 05:29:37 : INFO] - Could not find file for image: ID=16108, file=/var/www/html/public/wp-content/uploads/2016/03/035.jpg 
[2025-12-04 05:29:37 : INFO] - Could not find file for image: ID=16107, file=/var/www/html/public/wp-content/uploads/2016/03/030.jpg 
[2025-12-04 05:29:37 : INFO] - Could not find file for image: ID=16106, file=/var/www/html/public/wp-content/uploads/2016/03/012.jpg 
[2025-12-04 05:29:37 : INFO] - Could not find file for image: ID=16105, file=/var/www/html/public/wp-content/uploads/2016/03/008.jpg 
[2025-12-04 05:29:37 : INFO] - Could not find file for image: ID=2801, file=/var/www/html/public/wp-content/uploads/2020/02/logo-houzez-color.png 
[2025-12-04 05:29:37 : INFO] - Could not find file for image: ID=16044, file=/var/www/html/public/wp-content/uploads/2016/02/Artboard-2team.jpg 
[2025-12-04 05:29:37 : INFO] - Could not find file for image: ID=15927, file=/var/www/html/public/wp-content/uploads/2020/02/08.png 
[2025-12-04 05:29:37 : INFO] - Could not find file for image: ID=15926, file=/var/www/html/public/wp-content/uploads/2020/02/07.png 
[2025-12-04 05:29:37 : INFO] - Could not find file for image: ID=15925, file=/var/www/html/public/wp-content/uploads/2020/02/06.png 
[2025-12-04 05:29:37 : INFO] - Could not find file for image: ID=15923, file=/var/www/html/public/wp-content/uploads/2020/02/04.png 
[2025-12-04 05:29:37 : INFO] - Could not find file for image: ID=15924, file=/var/www/html/public/wp-content/uploads/2020/02/05.png 
[2025-12-04 05:29:37 : INFO] - Could not find file for image: ID=15922, file=/var/www/html/public/wp-content/uploads/2020/02/03.png 
[2025-12-04 05:29:37 : INFO] - Could not find file for image: ID=15921, file=/var/www/html/public/wp-content/uploads/2020/02/02.png 
[2025-12-04 05:29:37 : INFO] - Could not find file for image: ID=15920, file=/var/www/html/public/wp-content/uploads/2020/02/01.png 
[2025-12-04 05:29:37 : INFO] - Could not find file for image: ID=4643, file=/var/www/html/public/wp-content/uploads/2017/01/preload.gif 
